2023-06-14 16:13:10.078, INFO, main, , com.vodacom.er.gui.GuiApplication, Starting GuiApplication using Java 11.0.17 on ALTRON-BUH1 with PID 19344 (C:\altron-er\gui\target\classes started by buttm001 in C:\altron-er\gui)
2023-06-14 16:13:10.119, INFO, main, , com.vodacom.er.gui.GuiApplication, No active profile set, falling back to default profiles: default
2023-06-14 16:13:16.410, INFO, main, , org.springframework.data.repository.config.RepositoryConfigurationDelegate, Multiple Spring Data modules found, entering strict repository configuration mode!
2023-06-14 16:13:16.415, INFO, main, , org.springframework.data.repository.config.RepositoryConfigurationDelegate, Bootstrapping Spring Data JPA repositories in DEFAULT mode.
2023-06-14 16:13:16.814, INFO, main, , org.springframework.data.repository.config.RepositoryConfigurationDelegate, Finished Spring Data repository scanning in 366 ms. Found 9 JPA repository interfaces.
2023-06-14 16:13:16.840, INFO, main, , org.springframework.data.repository.config.RepositoryConfigurationDelegate, Multiple Spring Data modules found, entering strict repository configuration mode!
2023-06-14 16:13:16.843, INFO, main, , org.springframework.data.repository.config.RepositoryConfigurationDelegate, Bootstrapping Spring Data LDAP repositories in DEFAULT mode.
2023-06-14 16:13:16.907, INFO, main, , org.springframework.data.repository.config.RepositoryConfigurationExtensionSupport, Spring Data LDAP - Could not safely identify store assignment for repository candidate interface com.vodacom.er.gui.repository.EsFunctionsRepository. If you want this repository to be a LDAP repository, consider annotating your entities with one of these annotations: org.springframework.ldap.odm.annotations.Entry (preferred), or consider extending one of the following types with your repository: org.springframework.data.ldap.repository.LdapRepository.
2023-06-14 16:13:16.908, INFO, main, , org.springframework.data.repository.config.RepositoryConfigurationExtensionSupport, Spring Data LDAP - Could not safely identify store assignment for repository candidate interface com.vodacom.er.gui.repository.EsGroupFunctionsRepository. If you want this repository to be a LDAP repository, consider annotating your entities with one of these annotations: org.springframework.ldap.odm.annotations.Entry (preferred), or consider extending one of the following types with your repository: org.springframework.data.ldap.repository.LdapRepository.
2023-06-14 16:13:16.911, INFO, main, , org.springframework.data.repository.config.RepositoryConfigurationExtensionSupport, Spring Data LDAP - Could not safely identify store assignment for repository candidate interface com.vodacom.er.gui.repository.EsGroupRepository. If you want this repository to be a LDAP repository, consider annotating your entities with one of these annotations: org.springframework.ldap.odm.annotations.Entry (preferred), or consider extending one of the following types with your repository: org.springframework.data.ldap.repository.LdapRepository.
2023-06-14 16:13:16.913, INFO, main, , org.springframework.data.repository.config.RepositoryConfigurationExtensionSupport, Spring Data LDAP - Could not safely identify store assignment for repository candidate interface com.vodacom.er.gui.repository.EsSessionActionsRepository. If you want this repository to be a LDAP repository, consider annotating your entities with one of these annotations: org.springframework.ldap.odm.annotations.Entry (preferred), or consider extending one of the following types with your repository: org.springframework.data.ldap.repository.LdapRepository.
2023-06-14 16:13:16.915, INFO, main, , org.springframework.data.repository.config.RepositoryConfigurationExtensionSupport, Spring Data LDAP - Could not safely identify store assignment for repository candidate interface com.vodacom.er.gui.repository.EsSessionsRepository. If you want this repository to be a LDAP repository, consider annotating your entities with one of these annotations: org.springframework.ldap.odm.annotations.Entry (preferred), or consider extending one of the following types with your repository: org.springframework.data.ldap.repository.LdapRepository.
2023-06-14 16:13:16.918, INFO, main, , org.springframework.data.repository.config.RepositoryConfigurationExtensionSupport, Spring Data LDAP - Could not safely identify store assignment for repository candidate interface com.vodacom.er.gui.repository.EsSubFunctionsRepository. If you want this repository to be a LDAP repository, consider annotating your entities with one of these annotations: org.springframework.ldap.odm.annotations.Entry (preferred), or consider extending one of the following types with your repository: org.springframework.data.ldap.repository.LdapRepository.
2023-06-14 16:13:16.919, INFO, main, , org.springframework.data.repository.config.RepositoryConfigurationExtensionSupport, Spring Data LDAP - Could not safely identify store assignment for repository candidate interface com.vodacom.er.gui.repository.EsSubscriptionRepository. If you want this repository to be a LDAP repository, consider annotating your entities with one of these annotations: org.springframework.ldap.odm.annotations.Entry (preferred), or consider extending one of the following types with your repository: org.springframework.data.ldap.repository.LdapRepository.
2023-06-14 16:13:16.922, INFO, main, , org.springframework.data.repository.config.RepositoryConfigurationExtensionSupport, Spring Data LDAP - Could not safely identify store assignment for repository candidate interface com.vodacom.er.gui.repository.EsUserGroupRepository. If you want this repository to be a LDAP repository, consider annotating your entities with one of these annotations: org.springframework.ldap.odm.annotations.Entry (preferred), or consider extending one of the following types with your repository: org.springframework.data.ldap.repository.LdapRepository.
2023-06-14 16:13:16.923, INFO, main, , org.springframework.data.repository.config.RepositoryConfigurationExtensionSupport, Spring Data LDAP - Could not safely identify store assignment for repository candidate interface com.vodacom.er.gui.repository.EsUserRepository. If you want this repository to be a LDAP repository, consider annotating your entities with one of these annotations: org.springframework.ldap.odm.annotations.Entry (preferred), or consider extending one of the following types with your repository: org.springframework.data.ldap.repository.LdapRepository.
2023-06-14 16:13:16.924, INFO, main, , org.springframework.data.repository.config.RepositoryConfigurationDelegate, Finished Spring Data repository scanning in 78 ms. Found 0 LDAP repository interfaces.
2023-06-14 16:13:20.269, INFO, main, , org.springframework.boot.web.embedded.tomcat.TomcatWebServer, Tomcat initialized with port(s): 3188 (http)
2023-06-14 16:13:20.288, INFO, main, , org.apache.catalina.core.StandardService, Starting service [Tomcat]
2023-06-14 16:13:20.289, INFO, main, , org.apache.catalina.core.StandardEngine, Starting Servlet engine: [Apache Tomcat/9.0.53]
2023-06-14 16:13:20.825, INFO, main, , org.apache.catalina.core.ContainerBase.[Tomcat].[localhost].[/ergui/v1], Initializing Spring embedded WebApplicationContext
2023-06-14 16:13:20.826, INFO, main, , org.springframework.boot.web.servlet.context.ServletWebServerApplicationContext, Root WebApplicationContext: initialization completed in 10234 ms
2023-06-14 16:13:22.530, INFO, main, , org.hibernate.jpa.internal.util.LogHelper, HHH000204: Processing PersistenceUnitInfo [name: default]
2023-06-14 16:13:22.742, INFO, main, , org.hibernate.Version, HHH000412: Hibernate ORM core version 5.4.32.Final
2023-06-14 16:13:23.280, INFO, main, , org.hibernate.annotations.common.Version, HCANN000001: Hibernate Commons Annotations {5.1.2.Final}
2023-06-14 16:13:23.764, INFO, main, , com.zaxxer.hikari.HikariDataSource, HikariPool-1 - Starting...
2023-06-14 16:13:28.342, INFO, main, , com.zaxxer.hikari.HikariDataSource, HikariPool-1 - Start completed.
2023-06-14 16:13:28.412, INFO, main, , org.hibernate.dialect.Dialect, HHH000400: Using dialect: org.hibernate.dialect.Oracle12cDialect
2023-06-14 16:13:33.374, INFO, main, , org.hibernate.engine.transaction.jta.platform.internal.JtaPlatformInitiator, HHH000490: Using JtaPlatform implementation: [org.hibernate.engine.transaction.jta.platform.internal.NoJtaPlatform]
2023-06-14 16:13:33.392, INFO, main, , org.springframework.orm.jpa.LocalContainerEntityManagerFactoryBean, Initialized JPA EntityManagerFactory for persistence unit 'default'
2023-06-14 16:13:36.059, WARN, main, , org.springframework.boot.autoconfigure.orm.jpa.JpaBaseConfiguration$JpaWebConfiguration, spring.jpa.open-in-view is enabled by default. Therefore, database queries may be performed during view rendering. Explicitly configure spring.jpa.open-in-view to disable this warning
2023-06-14 16:13:36.372, INFO, main, , org.springframework.security.ldap.userdetails.DefaultLdapAuthoritiesPopulator, groupSearchBase is empty. Searches will be performed from the context source base
2023-06-14 16:13:37.173, DEBUG, main, , org.springframework.security.web.access.expression.ExpressionBasedFilterInvocationSecurityMetadataSource, Adding web access control expression [permitAll] for Ant [pattern='/login']
2023-06-14 16:13:37.178, DEBUG, main, , org.springframework.security.web.access.expression.ExpressionBasedFilterInvocationSecurityMetadataSource, Adding web access control expression [permitAll] for Ant [pattern='/update/**']
2023-06-14 16:13:37.179, DEBUG, main, , org.springframework.security.web.access.expression.ExpressionBasedFilterInvocationSecurityMetadataSource, Adding web access control expression [permitAll] for Ant [pattern='/h2-console/**']
2023-06-14 16:13:37.180, DEBUG, main, , org.springframework.security.web.access.expression.ExpressionBasedFilterInvocationSecurityMetadataSource, Adding web access control expression [permitAll] for Ant [pattern='/es/**']
2023-06-14 16:13:37.181, DEBUG, main, , org.springframework.security.web.access.expression.ExpressionBasedFilterInvocationSecurityMetadataSource, Adding web access control expression [permitAll] for Ant [pattern='/group/**']
2023-06-14 16:13:37.196, DEBUG, main, , org.springframework.security.web.access.expression.ExpressionBasedFilterInvocationSecurityMetadataSource, Adding web access control expression [permitAll] for Ant [pattern='/function/**']
2023-06-14 16:13:37.199, DEBUG, main, , org.springframework.security.web.access.expression.ExpressionBasedFilterInvocationSecurityMetadataSource, Adding web access control expression [permitAll] for Ant [pattern='/session/**']
2023-06-14 16:13:37.200, DEBUG, main, , org.springframework.security.web.access.expression.ExpressionBasedFilterInvocationSecurityMetadataSource, Adding web access control expression [permitAll] for Ant [pattern='/sub/**']
2023-06-14 16:13:37.201, DEBUG, main, , org.springframework.security.web.access.expression.ExpressionBasedFilterInvocationSecurityMetadataSource, Adding web access control expression [permitAll] for Ant [pattern='/user/**']
2023-06-14 16:13:37.204, DEBUG, main, , org.springframework.security.web.access.expression.ExpressionBasedFilterInvocationSecurityMetadataSource, Adding web access control expression [permitAll] for Ant [pattern='/subscription/**']
2023-06-14 16:13:37.205, DEBUG, main, , org.springframework.security.web.access.expression.ExpressionBasedFilterInvocationSecurityMetadataSource, Adding web access control expression [authenticated] for any request
2023-06-14 16:13:37.235, INFO, main, , org.springframework.security.web.DefaultSecurityFilterChain, Will secure any request with [org.springframework.security.web.context.request.async.WebAsyncManagerIntegrationFilter@c6653e, org.springframework.security.web.context.SecurityContextPersistenceFilter@c22cf4d, org.springframework.security.web.header.HeaderWriterFilter@44f88149, org.springframework.web.filter.CorsFilter@435e224d, org.springframework.security.web.authentication.logout.LogoutFilter@5f5fb335, com.vodacom.er.gui.filter.JwtFilter@506e382b, org.springframework.security.web.savedrequest.RequestCacheAwareFilter@399acce3, org.springframework.security.web.servletapi.SecurityContextHolderAwareRequestFilter@230e163b, org.springframework.security.web.authentication.AnonymousAuthenticationFilter@788fa91f, org.springframework.security.web.session.SessionManagementFilter@797ca322, org.springframework.security.web.access.ExceptionTranslationFilter@6fb2b972, org.springframework.security.web.access.intercept.FilterSecurityInterceptor@63df2eb8]
2023-06-14 16:13:39.195, INFO, main, , org.springframework.boot.actuate.endpoint.web.EndpointLinksResolver, Exposing 1 endpoint(s) beneath base path '/actuator'
2023-06-14 16:13:39.337, INFO, main, , org.springframework.boot.web.embedded.tomcat.TomcatWebServer, Tomcat started on port(s): 3188 (http) with context path '/ergui/v1'
2023-06-14 16:13:39.380, INFO, main, , com.vodacom.er.gui.GuiApplication, Started GuiApplication in 31.067 seconds (JVM running for 33.374)
2023-06-14 16:14:03.665, INFO, http-nio-3188-exec-2, , org.apache.catalina.core.ContainerBase.[Tomcat].[localhost].[/ergui/v1], Initializing Spring DispatcherServlet 'dispatcherServlet'
2023-06-14 16:14:03.667, INFO, http-nio-3188-exec-2, , org.springframework.web.servlet.DispatcherServlet, Initializing Servlet 'dispatcherServlet'
2023-06-14 16:14:03.672, INFO, http-nio-3188-exec-2, , org.springframework.web.servlet.DispatcherServlet, Completed initialization in 4 ms
2023-06-14 16:14:03.718, DEBUG, http-nio-3188-exec-2, , org.springframework.security.web.FilterChainProxy, Securing POST /login
2023-06-14 16:14:03.740, DEBUG, http-nio-3188-exec-2, , org.springframework.security.web.context.SecurityContextPersistenceFilter, Set SecurityContextHolder to empty SecurityContext
2023-06-14 16:14:03.772, DEBUG, http-nio-3188-exec-2, , org.springframework.security.web.authentication.AnonymousAuthenticationFilter, Set SecurityContextHolder to anonymous SecurityContext
2023-06-14 16:14:03.799, DEBUG, http-nio-3188-exec-2, , org.springframework.security.web.access.intercept.FilterSecurityInterceptor, Authorized filter invocation [POST /login] with attributes [permitAll]
2023-06-14 16:14:03.802, DEBUG, http-nio-3188-exec-2, , org.springframework.security.web.FilterChainProxy, Secured POST /login
2023-06-14 16:14:04.206, DEBUG, http-nio-3188-exec-2, , org.springframework.security.ldap.authentication.LdapAuthenticationProvider, Processing authentication request for user: buttm001
2023-06-14 16:14:04.259, DEBUG, http-nio-3188-exec-2, , org.springframework.security.ldap.authentication.BindAuthenticator, Attempting to bind as cn=buttm001,ou=Users,o=Auth
2023-06-14 16:14:07.459, DEBUG, http-nio-3188-exec-2, , org.springframework.security.ldap.authentication.BindAuthenticator, Retrieving attributes...
2023-06-14 16:14:07.888, DEBUG, http-nio-3188-exec-2, , org.springframework.security.ldap.userdetails.DefaultLdapAuthoritiesPopulator, Getting authorities for user cn=buttm001,ou=Users,o=Auth
2023-06-14 16:14:07.891, DEBUG, http-nio-3188-exec-2, , org.springframework.security.ldap.userdetails.DefaultLdapAuthoritiesPopulator, Searching for roles for user 'buttm001', DN = 'cn=buttm001,ou=Users,o=Auth', with filter (member={0}) in search base ''
2023-06-14 16:14:07.894, DEBUG, http-nio-3188-exec-2, , org.springframework.security.ldap.SpringSecurityLdapTemplate, Using filter: (member=cn=buttm001,ou=Users,o=Auth)
2023-06-14 16:14:09.650, DEBUG, http-nio-3188-exec-2, , org.springframework.security.ldap.userdetails.DefaultLdapAuthoritiesPopulator, Roles from search: []
2023-06-14 16:14:09.652, DEBUG, http-nio-3188-exec-2, , org.springframework.security.ldap.userdetails.LdapUserDetailsMapper, Mapping user details from context with DN: cn=buttm001,ou=Users,o=Auth
2023-06-14 16:14:14.525, DEBUG, http-nio-3188-exec-2, , org.springframework.security.web.context.SecurityContextPersistenceFilter, Cleared SecurityContextHolder to complete request
2023-06-14 16:18:45.379, DEBUG, http-nio-3188-exec-5, , org.springframework.security.web.FilterChainProxy, Securing POST /login
2023-06-14 16:18:45.381, DEBUG, http-nio-3188-exec-5, , org.springframework.security.web.context.SecurityContextPersistenceFilter, Set SecurityContextHolder to empty SecurityContext
2023-06-14 16:18:45.383, DEBUG, http-nio-3188-exec-5, , org.springframework.security.web.authentication.AnonymousAuthenticationFilter, Set SecurityContextHolder to anonymous SecurityContext
2023-06-14 16:18:45.385, DEBUG, http-nio-3188-exec-5, , org.springframework.security.web.access.intercept.FilterSecurityInterceptor, Authorized filter invocation [POST /login] with attributes [permitAll]
2023-06-14 16:18:45.386, DEBUG, http-nio-3188-exec-5, , org.springframework.security.web.FilterChainProxy, Secured POST /login
2023-06-14 16:18:45.390, DEBUG, http-nio-3188-exec-5, , org.springframework.security.ldap.authentication.LdapAuthenticationProvider, Processing authentication request for user: buttm001
2023-06-14 16:18:45.391, DEBUG, http-nio-3188-exec-5, , org.springframework.security.ldap.authentication.BindAuthenticator, Attempting to bind as cn=buttm001,ou=Users,o=Auth
2023-06-14 16:18:46.732, DEBUG, http-nio-3188-exec-5, , org.springframework.security.ldap.authentication.BindAuthenticator, Retrieving attributes...
2023-06-14 16:18:47.389, DEBUG, http-nio-3188-exec-5, , org.springframework.security.ldap.userdetails.DefaultLdapAuthoritiesPopulator, Getting authorities for user cn=buttm001,ou=Users,o=Auth
2023-06-14 16:18:47.392, DEBUG, http-nio-3188-exec-5, , org.springframework.security.ldap.userdetails.DefaultLdapAuthoritiesPopulator, Searching for roles for user 'buttm001', DN = 'cn=buttm001,ou=Users,o=Auth', with filter (member={0}) in search base ''
2023-06-14 16:18:47.393, DEBUG, http-nio-3188-exec-5, , org.springframework.security.ldap.SpringSecurityLdapTemplate, Using filter: (member=cn=buttm001,ou=Users,o=Auth)
2023-06-14 16:18:49.086, DEBUG, http-nio-3188-exec-5, , org.springframework.security.ldap.userdetails.DefaultLdapAuthoritiesPopulator, Roles from search: []
2023-06-14 16:18:49.087, DEBUG, http-nio-3188-exec-5, , org.springframework.security.ldap.userdetails.LdapUserDetailsMapper, Mapping user details from context with DN: cn=buttm001,ou=Users,o=Auth
2023-06-14 16:18:52.050, DEBUG, http-nio-3188-exec-5, , org.springframework.security.web.context.SecurityContextPersistenceFilter, Cleared SecurityContextHolder to complete request
