2023-08-31 21:52:48.682  INFO 13400 --- [main] com.vodacom.er.gui.GuiApplication        : Starting GuiApplication using Java 1.8.0_333 on DESKTOP-P3TM2QE with PID 13400 (E:\Java Projects\gui_backe_test\gui_backend\target\classes started by LENOVO in E:\Java Projects\gui_backe_test\gui_backend)
2023-08-31 21:52:48.691  INFO 13400 --- [main] com.vodacom.er.gui.GuiApplication        : No active profile set, falling back to default profiles: default
2023-08-31 21:52:50.119  INFO 13400 --- [main] .s.d.r.c.RepositoryConfigurationDelegate : Multiple Spring Data modules found, entering strict repository configuration mode!
2023-08-31 21:52:50.121  INFO 13400 --- [main] .s.d.r.c.RepositoryConfigurationDelegate : Bootstrapping Spring Data JPA repositories in DEFAULT mode.
2023-08-31 21:52:50.259  INFO 13400 --- [main] .s.d.r.c.RepositoryConfigurationDelegate : Finished Spring Data repository scanning in 129 ms. Found 9 JPA repository interfaces.
2023-08-31 21:52:50.270  INFO 13400 --- [main] .s.d.r.c.RepositoryConfigurationDelegate : Multiple Spring Data modules found, entering strict repository configuration mode!
2023-08-31 21:52:50.271  INFO 13400 --- [main] .s.d.r.c.RepositoryConfigurationDelegate : Bootstrapping Spring Data LDAP repositories in DEFAULT mode.
2023-08-31 21:52:50.285  INFO 13400 --- [main] .RepositoryConfigurationExtensionSupport : Spring Data LDAP - Could not safely identify store assignment for repository candidate interface com.vodacom.er.gui.repository.EsFunctionsRepository. If you want this repository to be a LDAP repository, consider annotating your entities with one of these annotations: org.springframework.ldap.odm.annotations.Entry (preferred), or consider extending one of the following types with your repository: org.springframework.data.ldap.repository.LdapRepository.
2023-08-31 21:52:50.286  INFO 13400 --- [main] .RepositoryConfigurationExtensionSupport : Spring Data LDAP - Could not safely identify store assignment for repository candidate interface com.vodacom.er.gui.repository.EsGroupFunctionsRepository. If you want this repository to be a LDAP repository, consider annotating your entities with one of these annotations: org.springframework.ldap.odm.annotations.Entry (preferred), or consider extending one of the following types with your repository: org.springframework.data.ldap.repository.LdapRepository.
2023-08-31 21:52:50.286  INFO 13400 --- [main] .RepositoryConfigurationExtensionSupport : Spring Data LDAP - Could not safely identify store assignment for repository candidate interface com.vodacom.er.gui.repository.EsGroupRepository. If you want this repository to be a LDAP repository, consider annotating your entities with one of these annotations: org.springframework.ldap.odm.annotations.Entry (preferred), or consider extending one of the following types with your repository: org.springframework.data.ldap.repository.LdapRepository.
2023-08-31 21:52:50.287  INFO 13400 --- [main] .RepositoryConfigurationExtensionSupport : Spring Data LDAP - Could not safely identify store assignment for repository candidate interface com.vodacom.er.gui.repository.EsSessionActionsRepository. If you want this repository to be a LDAP repository, consider annotating your entities with one of these annotations: org.springframework.ldap.odm.annotations.Entry (preferred), or consider extending one of the following types with your repository: org.springframework.data.ldap.repository.LdapRepository.
2023-08-31 21:52:50.287  INFO 13400 --- [main] .RepositoryConfigurationExtensionSupport : Spring Data LDAP - Could not safely identify store assignment for repository candidate interface com.vodacom.er.gui.repository.EsSessionsRepository. If you want this repository to be a LDAP repository, consider annotating your entities with one of these annotations: org.springframework.ldap.odm.annotations.Entry (preferred), or consider extending one of the following types with your repository: org.springframework.data.ldap.repository.LdapRepository.
2023-08-31 21:52:50.288  INFO 13400 --- [main] .RepositoryConfigurationExtensionSupport : Spring Data LDAP - Could not safely identify store assignment for repository candidate interface com.vodacom.er.gui.repository.EsSubFunctionsRepository. If you want this repository to be a LDAP repository, consider annotating your entities with one of these annotations: org.springframework.ldap.odm.annotations.Entry (preferred), or consider extending one of the following types with your repository: org.springframework.data.ldap.repository.LdapRepository.
2023-08-31 21:52:50.288  INFO 13400 --- [main] .RepositoryConfigurationExtensionSupport : Spring Data LDAP - Could not safely identify store assignment for repository candidate interface com.vodacom.er.gui.repository.EsSubscriptionRepository. If you want this repository to be a LDAP repository, consider annotating your entities with one of these annotations: org.springframework.ldap.odm.annotations.Entry (preferred), or consider extending one of the following types with your repository: org.springframework.data.ldap.repository.LdapRepository.
2023-08-31 21:52:50.289  INFO 13400 --- [main] .RepositoryConfigurationExtensionSupport : Spring Data LDAP - Could not safely identify store assignment for repository candidate interface com.vodacom.er.gui.repository.EsUserGroupRepository. If you want this repository to be a LDAP repository, consider annotating your entities with one of these annotations: org.springframework.ldap.odm.annotations.Entry (preferred), or consider extending one of the following types with your repository: org.springframework.data.ldap.repository.LdapRepository.
2023-08-31 21:52:50.289  INFO 13400 --- [main] .RepositoryConfigurationExtensionSupport : Spring Data LDAP - Could not safely identify store assignment for repository candidate interface com.vodacom.er.gui.repository.EsUserRepository. If you want this repository to be a LDAP repository, consider annotating your entities with one of these annotations: org.springframework.ldap.odm.annotations.Entry (preferred), or consider extending one of the following types with your repository: org.springframework.data.ldap.repository.LdapRepository.
2023-08-31 21:52:50.290  INFO 13400 --- [main] .s.d.r.c.RepositoryConfigurationDelegate : Finished Spring Data repository scanning in 17 ms. Found 0 LDAP repository interfaces.
2023-08-31 21:52:51.275  INFO 13400 --- [main] o.s.b.w.embedded.tomcat.TomcatWebServer  : Tomcat initialized with port(s): 8081 (http)
2023-08-31 21:52:51.287  INFO 13400 --- [main] o.apache.catalina.core.StandardService   : Starting service [Tomcat]
2023-08-31 21:52:51.288  INFO 13400 --- [main] org.apache.catalina.core.StandardEngine  : Starting Servlet engine: [Apache Tomcat/9.0.53]
2023-08-31 21:52:51.429  INFO 13400 --- [main] o.a.c.c.C.[Tomcat].[localhost].[/]       : Initializing Spring embedded WebApplicationContext
2023-08-31 21:52:51.430  INFO 13400 --- [main] w.s.c.ServletWebServerApplicationContext : Root WebApplicationContext: initialization completed in 2638 ms
2023-08-31 21:52:51.797  INFO 13400 --- [main] com.zaxxer.hikari.HikariDataSource       : HikariPool-1 - Starting...
2023-08-31 21:52:52.021  INFO 13400 --- [main] com.zaxxer.hikari.HikariDataSource       : HikariPool-1 - Start completed.
2023-08-31 21:52:52.028  INFO 13400 --- [main] o.s.b.a.h2.H2ConsoleAutoConfiguration    : H2 console available at '/h2-console'. Database available at 'jdbc:h2:mem:testdb'
2023-08-31 21:52:52.285  INFO 13400 --- [main] o.hibernate.jpa.internal.util.LogHelper  : HHH000204: Processing PersistenceUnitInfo [name: default]
2023-08-31 21:52:52.357  INFO 13400 --- [main] org.hibernate.Version                    : HHH000412: Hibernate ORM core version 5.4.32.Final
2023-08-31 21:52:52.522  INFO 13400 --- [main] o.hibernate.annotations.common.Version   : HCANN000001: Hibernate Commons Annotations {5.1.2.Final}
2023-08-31 21:52:52.678  INFO 13400 --- [main] org.hibernate.dialect.Dialect            : HHH000400: Using dialect: org.hibernate.dialect.H2Dialect
2023-08-31 21:52:53.754  INFO 13400 --- [main] o.h.e.t.j.p.i.JtaPlatformInitiator       : HHH000490: Using JtaPlatform implementation: [org.hibernate.engine.transaction.jta.platform.internal.NoJtaPlatform]
2023-08-31 21:52:53.776  INFO 13400 --- [main] j.LocalContainerEntityManagerFactoryBean : Initialized JPA EntityManagerFactory for persistence unit 'default'
2023-08-31 21:52:54.897  WARN 13400 --- [main] JpaBaseConfiguration$JpaWebConfiguration : spring.jpa.open-in-view is enabled by default. Therefore, database queries may be performed during view rendering. Explicitly configure spring.jpa.open-in-view to disable this warning
2023-08-31 21:52:56.078  INFO 13400 --- [main] o.s.s.web.DefaultSecurityFilterChain     : Will secure any request with [org.springframework.security.web.context.request.async.WebAsyncManagerIntegrationFilter@5ea9373e, org.springframework.security.web.context.SecurityContextPersistenceFilter@322ab6ce, org.springframework.security.web.header.HeaderWriterFilter@4af84a76, org.springframework.web.filter.CorsFilter@3e595da3, org.springframework.security.web.authentication.logout.LogoutFilter@7e0883f3, com.vodacom.er.gui.filter.JwtFilter@5f20b6fe, org.springframework.security.web.savedrequest.RequestCacheAwareFilter@4e4bfd9c, org.springframework.security.web.servletapi.SecurityContextHolderAwareRequestFilter@563c3aca, org.springframework.security.web.authentication.AnonymousAuthenticationFilter@5c0272e0, org.springframework.security.web.session.SessionManagementFilter@674e4c82, org.springframework.security.web.access.ExceptionTranslationFilter@7165bde6, org.springframework.security.web.access.intercept.FilterSecurityInterceptor@5621a671]
2023-08-31 21:52:56.569  INFO 13400 --- [main] o.s.l.c.support.AbstractContextSource    : Property 'userDn' not set - anonymous context will be used for read-write operations
2023-08-31 21:52:56.729  INFO 13400 --- [main] o.s.b.a.e.web.EndpointLinksResolver      : Exposing 1 endpoint(s) beneath base path '/actuator'
2023-08-31 21:52:56.787  INFO 13400 --- [main] o.s.b.w.embedded.tomcat.TomcatWebServer  : Tomcat started on port(s): 8081 (http) with context path ''
2023-08-31 21:52:56.800  INFO 13400 --- [main] com.vodacom.er.gui.GuiApplication        : Started GuiApplication in 8.643 seconds (JVM running for 9.321)
2023-08-31 21:53:20.314  INFO 13400 --- [http-nio-8081-exec-1] o.a.c.c.C.[Tomcat].[localhost].[/]       : Initializing Spring DispatcherServlet 'dispatcherServlet'
2023-08-31 21:53:20.315  INFO 13400 --- [http-nio-8081-exec-1] o.s.web.servlet.DispatcherServlet        : Initializing Servlet 'dispatcherServlet'
2023-08-31 21:53:20.318  INFO 13400 --- [http-nio-8081-exec-1] o.s.web.servlet.DispatcherServlet        : Completed initialization in 3 ms
2023-08-31 21:53:20.420  INFO 13400 --- [http-nio-8081-exec-1] c.v.e.g.interceptor.LoggingInterceptor   : Start Request URL: http://localhost:8081/error
2023-08-31 21:53:20.605  INFO 13400 --- [http-nio-8081-exec-1] c.v.e.g.interceptor.LoggingInterceptor   : Start Response URL: http://localhost:8081/error, Status 403
2023-08-31 21:53:20.605  INFO 13400 --- [http-nio-8081-exec-1] c.v.e.g.interceptor.LoggingInterceptor   : End Response : org.springframework.security.web.firewall.FirewalledResponse@74c786cb
2023-08-31 21:58:12.335  INFO 13400 --- [http-nio-8081-exec-5] c.v.e.g.interceptor.LoggingInterceptor   : Start Request URL: http://localhost:8081/error
2023-08-31 21:58:12.340  INFO 13400 --- [http-nio-8081-exec-5] c.v.e.g.interceptor.LoggingInterceptor   : Start Response URL: http://localhost:8081/error, Status 403
2023-08-31 21:58:12.341  INFO 13400 --- [http-nio-8081-exec-5] c.v.e.g.interceptor.LoggingInterceptor   : End Response : org.springframework.security.web.firewall.FirewalledResponse@671f96fd
2023-08-31 21:59:24.467  INFO 13400 --- [SpringApplicationShutdownHook] j.LocalContainerEntityManagerFactoryBean : Closing JPA EntityManagerFactory for persistence unit 'default'
2023-08-31 21:59:24.470  INFO 13400 --- [SpringApplicationShutdownHook] com.zaxxer.hikari.HikariDataSource       : HikariPool-1 - Shutdown initiated...
2023-08-31 21:59:24.476  INFO 13400 --- [SpringApplicationShutdownHook] com.zaxxer.hikari.HikariDataSource       : HikariPool-1 - Shutdown completed.
2023-08-31 21:59:30.001  INFO 4160 --- [main] com.vodacom.er.gui.GuiApplication        : Starting GuiApplication using Java 1.8.0_333 on DESKTOP-P3TM2QE with PID 4160 (E:\Java Projects\gui_backe_test\gui_backend\target\classes started by LENOVO in E:\Java Projects\gui_backe_test\gui_backend)
2023-08-31 21:59:30.005  INFO 4160 --- [main] com.vodacom.er.gui.GuiApplication        : No active profile set, falling back to default profiles: default
2023-08-31 21:59:31.283  INFO 4160 --- [main] .s.d.r.c.RepositoryConfigurationDelegate : Multiple Spring Data modules found, entering strict repository configuration mode!
2023-08-31 21:59:31.285  INFO 4160 --- [main] .s.d.r.c.RepositoryConfigurationDelegate : Bootstrapping Spring Data JPA repositories in DEFAULT mode.
2023-08-31 21:59:31.381  INFO 4160 --- [main] .s.d.r.c.RepositoryConfigurationDelegate : Finished Spring Data repository scanning in 87 ms. Found 9 JPA repository interfaces.
2023-08-31 21:59:31.390  INFO 4160 --- [main] .s.d.r.c.RepositoryConfigurationDelegate : Multiple Spring Data modules found, entering strict repository configuration mode!
2023-08-31 21:59:31.390  INFO 4160 --- [main] .s.d.r.c.RepositoryConfigurationDelegate : Bootstrapping Spring Data LDAP repositories in DEFAULT mode.
2023-08-31 21:59:31.400  INFO 4160 --- [main] .RepositoryConfigurationExtensionSupport : Spring Data LDAP - Could not safely identify store assignment for repository candidate interface com.vodacom.er.gui.repository.EsFunctionsRepository. If you want this repository to be a LDAP repository, consider annotating your entities with one of these annotations: org.springframework.ldap.odm.annotations.Entry (preferred), or consider extending one of the following types with your repository: org.springframework.data.ldap.repository.LdapRepository.
2023-08-31 21:59:31.401  INFO 4160 --- [main] .RepositoryConfigurationExtensionSupport : Spring Data LDAP - Could not safely identify store assignment for repository candidate interface com.vodacom.er.gui.repository.EsGroupFunctionsRepository. If you want this repository to be a LDAP repository, consider annotating your entities with one of these annotations: org.springframework.ldap.odm.annotations.Entry (preferred), or consider extending one of the following types with your repository: org.springframework.data.ldap.repository.LdapRepository.
2023-08-31 21:59:31.402  INFO 4160 --- [main] .RepositoryConfigurationExtensionSupport : Spring Data LDAP - Could not safely identify store assignment for repository candidate interface com.vodacom.er.gui.repository.EsGroupRepository. If you want this repository to be a LDAP repository, consider annotating your entities with one of these annotations: org.springframework.ldap.odm.annotations.Entry (preferred), or consider extending one of the following types with your repository: org.springframework.data.ldap.repository.LdapRepository.
2023-08-31 21:59:31.402  INFO 4160 --- [main] .RepositoryConfigurationExtensionSupport : Spring Data LDAP - Could not safely identify store assignment for repository candidate interface com.vodacom.er.gui.repository.EsSessionActionsRepository. If you want this repository to be a LDAP repository, consider annotating your entities with one of these annotations: org.springframework.ldap.odm.annotations.Entry (preferred), or consider extending one of the following types with your repository: org.springframework.data.ldap.repository.LdapRepository.
2023-08-31 21:59:31.403  INFO 4160 --- [main] .RepositoryConfigurationExtensionSupport : Spring Data LDAP - Could not safely identify store assignment for repository candidate interface com.vodacom.er.gui.repository.EsSessionsRepository. If you want this repository to be a LDAP repository, consider annotating your entities with one of these annotations: org.springframework.ldap.odm.annotations.Entry (preferred), or consider extending one of the following types with your repository: org.springframework.data.ldap.repository.LdapRepository.
2023-08-31 21:59:31.403  INFO 4160 --- [main] .RepositoryConfigurationExtensionSupport : Spring Data LDAP - Could not safely identify store assignment for repository candidate interface com.vodacom.er.gui.repository.EsSubFunctionsRepository. If you want this repository to be a LDAP repository, consider annotating your entities with one of these annotations: org.springframework.ldap.odm.annotations.Entry (preferred), or consider extending one of the following types with your repository: org.springframework.data.ldap.repository.LdapRepository.
2023-08-31 21:59:31.404  INFO 4160 --- [main] .RepositoryConfigurationExtensionSupport : Spring Data LDAP - Could not safely identify store assignment for repository candidate interface com.vodacom.er.gui.repository.EsSubscriptionRepository. If you want this repository to be a LDAP repository, consider annotating your entities with one of these annotations: org.springframework.ldap.odm.annotations.Entry (preferred), or consider extending one of the following types with your repository: org.springframework.data.ldap.repository.LdapRepository.
2023-08-31 21:59:31.404  INFO 4160 --- [main] .RepositoryConfigurationExtensionSupport : Spring Data LDAP - Could not safely identify store assignment for repository candidate interface com.vodacom.er.gui.repository.EsUserGroupRepository. If you want this repository to be a LDAP repository, consider annotating your entities with one of these annotations: org.springframework.ldap.odm.annotations.Entry (preferred), or consider extending one of the following types with your repository: org.springframework.data.ldap.repository.LdapRepository.
2023-08-31 21:59:31.405  INFO 4160 --- [main] .RepositoryConfigurationExtensionSupport : Spring Data LDAP - Could not safely identify store assignment for repository candidate interface com.vodacom.er.gui.repository.EsUserRepository. If you want this repository to be a LDAP repository, consider annotating your entities with one of these annotations: org.springframework.ldap.odm.annotations.Entry (preferred), or consider extending one of the following types with your repository: org.springframework.data.ldap.repository.LdapRepository.
2023-08-31 21:59:31.405  INFO 4160 --- [main] .s.d.r.c.RepositoryConfigurationDelegate : Finished Spring Data repository scanning in 13 ms. Found 0 LDAP repository interfaces.
2023-08-31 21:59:32.372  INFO 4160 --- [main] o.s.b.w.embedded.tomcat.TomcatWebServer  : Tomcat initialized with port(s): 8081 (http)
2023-08-31 21:59:32.383  INFO 4160 --- [main] o.apache.catalina.core.StandardService   : Starting service [Tomcat]
2023-08-31 21:59:32.384  INFO 4160 --- [main] org.apache.catalina.core.StandardEngine  : Starting Servlet engine: [Apache Tomcat/9.0.53]
2023-08-31 21:59:32.508  INFO 4160 --- [main] o.a.c.c.C.[.[localhost].[/ergui/v1]      : Initializing Spring embedded WebApplicationContext
2023-08-31 21:59:32.508  INFO 4160 --- [main] w.s.c.ServletWebServerApplicationContext : Root WebApplicationContext: initialization completed in 2425 ms
2023-08-31 21:59:32.770  INFO 4160 --- [main] com.zaxxer.hikari.HikariDataSource       : HikariPool-1 - Starting...
2023-08-31 21:59:32.964  INFO 4160 --- [main] com.zaxxer.hikari.HikariDataSource       : HikariPool-1 - Start completed.
2023-08-31 21:59:32.971  INFO 4160 --- [main] o.s.b.a.h2.H2ConsoleAutoConfiguration    : H2 console available at '/h2-console'. Database available at 'jdbc:h2:mem:testdb'
2023-08-31 21:59:33.184  INFO 4160 --- [main] o.hibernate.jpa.internal.util.LogHelper  : HHH000204: Processing PersistenceUnitInfo [name: default]
2023-08-31 21:59:33.255  INFO 4160 --- [main] org.hibernate.Version                    : HHH000412: Hibernate ORM core version 5.4.32.Final
2023-08-31 21:59:33.459  INFO 4160 --- [main] o.hibernate.annotations.common.Version   : HCANN000001: Hibernate Commons Annotations {5.1.2.Final}
2023-08-31 21:59:33.600  INFO 4160 --- [main] org.hibernate.dialect.Dialect            : HHH000400: Using dialect: org.hibernate.dialect.H2Dialect
2023-08-31 21:59:34.525  INFO 4160 --- [main] o.h.e.t.j.p.i.JtaPlatformInitiator       : HHH000490: Using JtaPlatform implementation: [org.hibernate.engine.transaction.jta.platform.internal.NoJtaPlatform]
2023-08-31 21:59:34.533  INFO 4160 --- [main] j.LocalContainerEntityManagerFactoryBean : Initialized JPA EntityManagerFactory for persistence unit 'default'
2023-08-31 21:59:35.170  WARN 4160 --- [main] JpaBaseConfiguration$JpaWebConfiguration : spring.jpa.open-in-view is enabled by default. Therefore, database queries may be performed during view rendering. Explicitly configure spring.jpa.open-in-view to disable this warning
2023-08-31 21:59:35.958  INFO 4160 --- [main] o.s.s.web.DefaultSecurityFilterChain     : Will secure any request with [org.springframework.security.web.context.request.async.WebAsyncManagerIntegrationFilter@4caf875c, org.springframework.security.web.context.SecurityContextPersistenceFilter@72168258, org.springframework.security.web.header.HeaderWriterFilter@4b5aa48b, org.springframework.web.filter.CorsFilter@5d15789f, org.springframework.security.web.authentication.logout.LogoutFilter@25dad235, com.vodacom.er.gui.filter.JwtFilter@436a563f, org.springframework.security.web.savedrequest.RequestCacheAwareFilter@b5ff70b, org.springframework.security.web.servletapi.SecurityContextHolderAwareRequestFilter@674e4c82, org.springframework.security.web.authentication.AnonymousAuthenticationFilter@5abb7a8f, org.springframework.security.web.session.SessionManagementFilter@6bf54260, org.springframework.security.web.access.ExceptionTranslationFilter@5d3f8661, org.springframework.security.web.access.intercept.FilterSecurityInterceptor@7381d6f0]
2023-08-31 21:59:36.281  INFO 4160 --- [main] o.s.l.c.support.AbstractContextSource    : Property 'userDn' not set - anonymous context will be used for read-write operations
2023-08-31 21:59:36.399  INFO 4160 --- [main] o.s.b.a.e.web.EndpointLinksResolver      : Exposing 1 endpoint(s) beneath base path '/actuator'
2023-08-31 21:59:36.444  INFO 4160 --- [main] o.s.b.w.embedded.tomcat.TomcatWebServer  : Tomcat started on port(s): 8081 (http) with context path '/ergui/v1'
2023-08-31 21:59:36.454  INFO 4160 --- [main] com.vodacom.er.gui.GuiApplication        : Started GuiApplication in 6.942 seconds (JVM running for 7.583)
2023-08-31 21:59:55.661  INFO 4160 --- [http-nio-8081-exec-1] o.a.c.c.C.[.[localhost].[/ergui/v1]      : Initializing Spring DispatcherServlet 'dispatcherServlet'
2023-08-31 21:59:55.661  INFO 4160 --- [http-nio-8081-exec-1] o.s.web.servlet.DispatcherServlet        : Initializing Servlet 'dispatcherServlet'
2023-08-31 21:59:55.664  INFO 4160 --- [http-nio-8081-exec-1] o.s.web.servlet.DispatcherServlet        : Completed initialization in 3 ms
2023-08-31 21:59:55.803  INFO 4160 --- [http-nio-8081-exec-2] c.v.e.g.interceptor.LoggingInterceptor   : Start Request URL: http://localhost:8081/ergui/v1/login
2023-08-31 21:59:56.016  INFO 4160 --- [http-nio-8081-exec-2] c.v.e.g.interceptor.LoggingInterceptor   : EsUserController : login() called : 
2023-08-31 21:59:56.573  INFO 4160 --- [http-nio-8081-exec-2] c.v.e.g.interceptor.LoggingInterceptor   : EsSessionService : createSessionByUserSeq() Method Called :  
2023-08-31 21:59:56.587  INFO 4160 --- [http-nio-8081-exec-2] c.v.e.g.interceptor.LoggingInterceptor   : EsSessionActionService : addLoginAction() Method .
2023-08-31 21:59:56.597  INFO 4160 --- [http-nio-8081-exec-2] c.v.e.g.interceptor.LoggingInterceptor   : EsSessionActionService : addLoginAction() Method .Successfully
2023-08-31 21:59:56.598  INFO 4160 --- [http-nio-8081-exec-2] c.v.e.g.interceptor.LoggingInterceptor   : EsSessionService : createSessionByUserSeq() Method Called : Successfully 
2023-08-31 21:59:57.592  INFO 4160 --- [http-nio-8081-exec-2] c.v.e.g.interceptor.LoggingInterceptor   : EsUserController : login() called : Successfully Login
2023-08-31 21:59:57.622  INFO 4160 --- [http-nio-8081-exec-2] c.v.e.g.interceptor.LoggingInterceptor   : Start Response URL: http://localhost:8081/ergui/v1/login, Status 200
2023-08-31 21:59:57.624  INFO 4160 --- [http-nio-8081-exec-2] c.v.e.g.interceptor.LoggingInterceptor   : End Response : org.springframework.security.web.header.HeaderWriterFilter$HeaderWriterResponse@530c4b
2023-08-31 21:59:57.836  INFO 4160 --- [http-nio-8081-exec-4] c.v.e.g.interceptor.LoggingInterceptor   : Start Request URL: http://localhost:8081/ergui/v1/function/all/1
2023-08-31 21:59:57.863  INFO 4160 --- [http-nio-8081-exec-4] c.v.e.g.interceptor.LoggingInterceptor   : EsFunctionController : allEsFunction() Method Called : 
2023-08-31 21:59:57.865  INFO 4160 --- [http-nio-8081-exec-4] c.v.e.g.interceptor.LoggingInterceptor   : EsSessionActionService : addFunctionActions() Method.
2023-08-31 21:59:57.874  INFO 4160 --- [http-nio-8081-exec-4] c.v.e.g.interceptor.LoggingInterceptor   : EsSessionActionService : addFunctionActions() Method. Successfully
2023-08-31 21:59:57.955  INFO 4160 --- [http-nio-8081-exec-4] c.v.e.g.interceptor.LoggingInterceptor   : EsFunctionController : allEsFunction() Method Called : Successfully
2023-08-31 21:59:58.020  INFO 4160 --- [http-nio-8081-exec-4] c.v.e.g.interceptor.LoggingInterceptor   : Start Response URL: http://localhost:8081/ergui/v1/function/all/1, Status 200
2023-08-31 21:59:58.021  INFO 4160 --- [http-nio-8081-exec-4] c.v.e.g.interceptor.LoggingInterceptor   : End Response : org.springframework.security.web.header.HeaderWriterFilter$HeaderWriterResponse@29b6fabc
2023-08-31 22:00:33.026  INFO 4160 --- [SpringApplicationShutdownHook] j.LocalContainerEntityManagerFactoryBean : Closing JPA EntityManagerFactory for persistence unit 'default'
2023-08-31 22:00:33.031  INFO 4160 --- [SpringApplicationShutdownHook] com.zaxxer.hikari.HikariDataSource       : HikariPool-1 - Shutdown initiated...
2023-08-31 22:00:33.036  INFO 4160 --- [SpringApplicationShutdownHook] com.zaxxer.hikari.HikariDataSource       : HikariPool-1 - Shutdown completed.
2023-08-31 22:00:36.242  INFO 1340 --- [main] com.vodacom.er.gui.GuiApplication        : Starting GuiApplication using Java 1.8.0_333 on DESKTOP-P3TM2QE with PID 1340 (E:\Java Projects\gui_backe_test\gui_backend\target\classes started by LENOVO in E:\Java Projects\gui_backe_test\gui_backend)
2023-08-31 22:00:36.246  INFO 1340 --- [main] com.vodacom.er.gui.GuiApplication        : No active profile set, falling back to default profiles: default
2023-08-31 22:00:37.304  INFO 1340 --- [main] .s.d.r.c.RepositoryConfigurationDelegate : Multiple Spring Data modules found, entering strict repository configuration mode!
2023-08-31 22:00:37.307  INFO 1340 --- [main] .s.d.r.c.RepositoryConfigurationDelegate : Bootstrapping Spring Data JPA repositories in DEFAULT mode.
2023-08-31 22:00:37.410  INFO 1340 --- [main] .s.d.r.c.RepositoryConfigurationDelegate : Finished Spring Data repository scanning in 94 ms. Found 9 JPA repository interfaces.
2023-08-31 22:00:37.421  INFO 1340 --- [main] .s.d.r.c.RepositoryConfigurationDelegate : Multiple Spring Data modules found, entering strict repository configuration mode!
2023-08-31 22:00:37.423  INFO 1340 --- [main] .s.d.r.c.RepositoryConfigurationDelegate : Bootstrapping Spring Data LDAP repositories in DEFAULT mode.
2023-08-31 22:00:37.430  INFO 1340 --- [main] .RepositoryConfigurationExtensionSupport : Spring Data LDAP - Could not safely identify store assignment for repository candidate interface com.vodacom.er.gui.repository.EsFunctionsRepository. If you want this repository to be a LDAP repository, consider annotating your entities with one of these annotations: org.springframework.ldap.odm.annotations.Entry (preferred), or consider extending one of the following types with your repository: org.springframework.data.ldap.repository.LdapRepository.
2023-08-31 22:00:37.431  INFO 1340 --- [main] .RepositoryConfigurationExtensionSupport : Spring Data LDAP - Could not safely identify store assignment for repository candidate interface com.vodacom.er.gui.repository.EsGroupFunctionsRepository. If you want this repository to be a LDAP repository, consider annotating your entities with one of these annotations: org.springframework.ldap.odm.annotations.Entry (preferred), or consider extending one of the following types with your repository: org.springframework.data.ldap.repository.LdapRepository.
2023-08-31 22:00:37.432  INFO 1340 --- [main] .RepositoryConfigurationExtensionSupport : Spring Data LDAP - Could not safely identify store assignment for repository candidate interface com.vodacom.er.gui.repository.EsGroupRepository. If you want this repository to be a LDAP repository, consider annotating your entities with one of these annotations: org.springframework.ldap.odm.annotations.Entry (preferred), or consider extending one of the following types with your repository: org.springframework.data.ldap.repository.LdapRepository.
2023-08-31 22:00:37.433  INFO 1340 --- [main] .RepositoryConfigurationExtensionSupport : Spring Data LDAP - Could not safely identify store assignment for repository candidate interface com.vodacom.er.gui.repository.EsSessionActionsRepository. If you want this repository to be a LDAP repository, consider annotating your entities with one of these annotations: org.springframework.ldap.odm.annotations.Entry (preferred), or consider extending one of the following types with your repository: org.springframework.data.ldap.repository.LdapRepository.
2023-08-31 22:00:37.433  INFO 1340 --- [main] .RepositoryConfigurationExtensionSupport : Spring Data LDAP - Could not safely identify store assignment for repository candidate interface com.vodacom.er.gui.repository.EsSessionsRepository. If you want this repository to be a LDAP repository, consider annotating your entities with one of these annotations: org.springframework.ldap.odm.annotations.Entry (preferred), or consider extending one of the following types with your repository: org.springframework.data.ldap.repository.LdapRepository.
2023-08-31 22:00:37.433  INFO 1340 --- [main] .RepositoryConfigurationExtensionSupport : Spring Data LDAP - Could not safely identify store assignment for repository candidate interface com.vodacom.er.gui.repository.EsSubFunctionsRepository. If you want this repository to be a LDAP repository, consider annotating your entities with one of these annotations: org.springframework.ldap.odm.annotations.Entry (preferred), or consider extending one of the following types with your repository: org.springframework.data.ldap.repository.LdapRepository.
2023-08-31 22:00:37.434  INFO 1340 --- [main] .RepositoryConfigurationExtensionSupport : Spring Data LDAP - Could not safely identify store assignment for repository candidate interface com.vodacom.er.gui.repository.EsSubscriptionRepository. If you want this repository to be a LDAP repository, consider annotating your entities with one of these annotations: org.springframework.ldap.odm.annotations.Entry (preferred), or consider extending one of the following types with your repository: org.springframework.data.ldap.repository.LdapRepository.
2023-08-31 22:00:37.434  INFO 1340 --- [main] .RepositoryConfigurationExtensionSupport : Spring Data LDAP - Could not safely identify store assignment for repository candidate interface com.vodacom.er.gui.repository.EsUserGroupRepository. If you want this repository to be a LDAP repository, consider annotating your entities with one of these annotations: org.springframework.ldap.odm.annotations.Entry (preferred), or consider extending one of the following types with your repository: org.springframework.data.ldap.repository.LdapRepository.
2023-08-31 22:00:37.435  INFO 1340 --- [main] .RepositoryConfigurationExtensionSupport : Spring Data LDAP - Could not safely identify store assignment for repository candidate interface com.vodacom.er.gui.repository.EsUserRepository. If you want this repository to be a LDAP repository, consider annotating your entities with one of these annotations: org.springframework.ldap.odm.annotations.Entry (preferred), or consider extending one of the following types with your repository: org.springframework.data.ldap.repository.LdapRepository.
2023-08-31 22:00:37.435  INFO 1340 --- [main] .s.d.r.c.RepositoryConfigurationDelegate : Finished Spring Data repository scanning in 11 ms. Found 0 LDAP repository interfaces.
2023-08-31 22:00:38.496  INFO 1340 --- [main] o.s.b.w.embedded.tomcat.TomcatWebServer  : Tomcat initialized with port(s): 8081 (http)
2023-08-31 22:00:38.505  INFO 1340 --- [main] o.apache.catalina.core.StandardService   : Starting service [Tomcat]
2023-08-31 22:00:38.505  INFO 1340 --- [main] org.apache.catalina.core.StandardEngine  : Starting Servlet engine: [Apache Tomcat/9.0.53]
2023-08-31 22:00:38.621  INFO 1340 --- [main] o.a.c.c.C.[.[localhost].[/ergui/v1]      : Initializing Spring embedded WebApplicationContext
2023-08-31 22:00:38.621  INFO 1340 --- [main] w.s.c.ServletWebServerApplicationContext : Root WebApplicationContext: initialization completed in 2291 ms
2023-08-31 22:00:38.863  INFO 1340 --- [main] com.zaxxer.hikari.HikariDataSource       : HikariPool-1 - Starting...
2023-08-31 22:00:39.041  INFO 1340 --- [main] com.zaxxer.hikari.HikariDataSource       : HikariPool-1 - Start completed.
2023-08-31 22:00:39.048  INFO 1340 --- [main] o.s.b.a.h2.H2ConsoleAutoConfiguration    : H2 console available at '/h2-console'. Database available at 'jdbc:h2:mem:testdb'
2023-08-31 22:00:39.279  INFO 1340 --- [main] o.hibernate.jpa.internal.util.LogHelper  : HHH000204: Processing PersistenceUnitInfo [name: default]
2023-08-31 22:00:39.336  INFO 1340 --- [main] org.hibernate.Version                    : HHH000412: Hibernate ORM core version 5.4.32.Final
2023-08-31 22:00:39.490  INFO 1340 --- [main] o.hibernate.annotations.common.Version   : HCANN000001: Hibernate Commons Annotations {5.1.2.Final}
2023-08-31 22:00:39.624  INFO 1340 --- [main] org.hibernate.dialect.Dialect            : HHH000400: Using dialect: org.hibernate.dialect.H2Dialect
2023-08-31 22:00:40.515  INFO 1340 --- [main] o.h.e.t.j.p.i.JtaPlatformInitiator       : HHH000490: Using JtaPlatform implementation: [org.hibernate.engine.transaction.jta.platform.internal.NoJtaPlatform]
2023-08-31 22:00:40.525  INFO 1340 --- [main] j.LocalContainerEntityManagerFactoryBean : Initialized JPA EntityManagerFactory for persistence unit 'default'
2023-08-31 22:00:41.275  WARN 1340 --- [main] JpaBaseConfiguration$JpaWebConfiguration : spring.jpa.open-in-view is enabled by default. Therefore, database queries may be performed during view rendering. Explicitly configure spring.jpa.open-in-view to disable this warning
2023-08-31 22:00:42.246  INFO 1340 --- [main] o.s.s.web.DefaultSecurityFilterChain     : Will secure any request with [org.springframework.security.web.context.request.async.WebAsyncManagerIntegrationFilter@6684589a, org.springframework.security.web.context.SecurityContextPersistenceFilter@b5ff70b, org.springframework.security.web.header.HeaderWriterFilter@70ed902a, org.springframework.web.filter.CorsFilter@5621a671, org.springframework.security.web.authentication.logout.LogoutFilter@29ea5e0, com.vodacom.er.gui.filter.JwtFilter@533e2f4, org.springframework.security.web.savedrequest.RequestCacheAwareFilter@114badf0, org.springframework.security.web.servletapi.SecurityContextHolderAwareRequestFilter@322ab6ce, org.springframework.security.web.authentication.AnonymousAuthenticationFilter@2006fdaa, org.springframework.security.web.session.SessionManagementFilter@72168258, org.springframework.security.web.access.ExceptionTranslationFilter@4b5aa48b, org.springframework.security.web.access.intercept.FilterSecurityInterceptor@6ad3fbe4]
2023-08-31 22:00:42.651  INFO 1340 --- [main] o.s.l.c.support.AbstractContextSource    : Property 'userDn' not set - anonymous context will be used for read-write operations
2023-08-31 22:00:42.784  INFO 1340 --- [main] o.s.b.a.e.web.EndpointLinksResolver      : Exposing 1 endpoint(s) beneath base path '/actuator'
2023-08-31 22:00:42.834  INFO 1340 --- [main] o.s.b.w.embedded.tomcat.TomcatWebServer  : Tomcat started on port(s): 8081 (http) with context path '/ergui/v1'
2023-08-31 22:00:42.848  INFO 1340 --- [main] com.vodacom.er.gui.GuiApplication        : Started GuiApplication in 7.06 seconds (JVM running for 7.588)
2023-08-31 22:00:49.946  INFO 1340 --- [http-nio-8081-exec-1] o.a.c.c.C.[.[localhost].[/ergui/v1]      : Initializing Spring DispatcherServlet 'dispatcherServlet'
2023-08-31 22:00:49.946  INFO 1340 --- [http-nio-8081-exec-1] o.s.web.servlet.DispatcherServlet        : Initializing Servlet 'dispatcherServlet'
2023-08-31 22:00:49.948  INFO 1340 --- [http-nio-8081-exec-1] o.s.web.servlet.DispatcherServlet        : Completed initialization in 2 ms
2023-08-31 22:00:50.556  INFO 1340 --- [http-nio-8081-exec-2] c.v.e.g.interceptor.LoggingInterceptor   : Start Request URL: http://localhost:8081/ergui/v1/function/all/1
2023-08-31 22:00:50.585  INFO 1340 --- [http-nio-8081-exec-2] c.v.e.g.interceptor.LoggingInterceptor   : EsFunctionController : allEsFunction() Method Called : 
2023-08-31 22:00:50.585  INFO 1340 --- [http-nio-8081-exec-2] c.v.e.g.interceptor.LoggingInterceptor   : EsSessionActionService : addFunctionActions() Method.
2023-08-31 22:00:50.594  INFO 1340 --- [http-nio-8081-exec-2] c.v.e.g.interceptor.LoggingInterceptor   : EsSessionActionService : addFunctionActions() Method. Successfully
2023-08-31 22:00:50.627  INFO 1340 --- [http-nio-8081-exec-2] c.v.e.g.interceptor.LoggingInterceptor   : EsFunctionController : allEsFunction() Method Called : Successfully
2023-08-31 22:00:50.708  INFO 1340 --- [http-nio-8081-exec-2] c.v.e.g.interceptor.LoggingInterceptor   : Start Response URL: http://localhost:8081/ergui/v1/function/all/1, Status 200
2023-08-31 22:00:50.709  INFO 1340 --- [http-nio-8081-exec-2] c.v.e.g.interceptor.LoggingInterceptor   : End Response : org.springframework.security.web.header.HeaderWriterFilter$HeaderWriterResponse@4cc4e2eb
2023-08-31 22:00:51.649  INFO 1340 --- [http-nio-8081-exec-4] c.v.e.g.interceptor.LoggingInterceptor   : Start Request URL: http://localhost:8081/ergui/v1/es/logout
2023-08-31 22:00:51.651  INFO 1340 --- [http-nio-8081-exec-4] c.v.e.g.interceptor.LoggingInterceptor   : EsUserController : logout() called :  
2023-08-31 22:00:51.651  INFO 1340 --- [http-nio-8081-exec-4] c.v.e.g.interceptor.LoggingInterceptor   : EsSessionService : logoutSessionByUser() Method Called :  
2023-08-31 22:00:51.661  INFO 1340 --- [http-nio-8081-exec-4] c.v.e.g.interceptor.LoggingInterceptor   : EsSessionService : logoutSessionByUser() Method Called : No User Found 
2023-08-31 22:00:51.662  INFO 1340 --- [http-nio-8081-exec-4] c.v.e.g.interceptor.LoggingInterceptor   : EsUserController : logout() called : Invalid Token 
2023-08-31 22:00:51.664  INFO 1340 --- [http-nio-8081-exec-4] c.v.e.g.interceptor.LoggingInterceptor   : Start Response URL: http://localhost:8081/ergui/v1/es/logout, Status 401
2023-08-31 22:00:51.664  INFO 1340 --- [http-nio-8081-exec-4] c.v.e.g.interceptor.LoggingInterceptor   : End Response : org.springframework.security.web.header.HeaderWriterFilter$HeaderWriterResponse@7b9618bc
2023-08-31 22:00:51.724 ERROR 1340 --- [http-nio-8081-exec-5] o.a.c.c.C.[.[.[.[dispatcherServlet]      : Servlet.service() for servlet [dispatcherServlet] in context with path [/ergui/v1] threw exception

io.jsonwebtoken.MalformedJwtException: JWT strings must contain exactly 2 period characters. Found: 0
	at io.jsonwebtoken.impl.DefaultJwtParser.parse(DefaultJwtParser.java:235) ~[jjwt-0.9.1.jar:0.9.1]
	at io.jsonwebtoken.impl.DefaultJwtParser.parse(DefaultJwtParser.java:481) ~[jjwt-0.9.1.jar:0.9.1]
	at io.jsonwebtoken.impl.DefaultJwtParser.parseClaimsJws(DefaultJwtParser.java:541) ~[jjwt-0.9.1.jar:0.9.1]
	at com.vodacom.er.gui.util.JwtUtilClass.extractAllClaims(JwtUtilClass.java:63) ~[classes/:na]
	at com.vodacom.er.gui.util.JwtUtilClass.extractClaim(JwtUtilClass.java:59) ~[classes/:na]
	at com.vodacom.er.gui.util.JwtUtilClass.extractUsername(JwtUtilClass.java:55) ~[classes/:na]
	at com.vodacom.er.gui.filter.JwtFilter.doFilterInternal(JwtFilter.java:38) ~[classes/:na]
	at org.springframework.web.filter.OncePerRequestFilter.doFilter(OncePerRequestFilter.java:119) ~[spring-web-5.3.10.jar:5.3.10]
	at org.springframework.security.web.FilterChainProxy$VirtualFilterChain.doFilter(FilterChainProxy.java:336) ~[spring-security-web-5.5.2.jar:5.5.2]
	at org.springframework.security.web.authentication.logout.LogoutFilter.doFilter(LogoutFilter.java:103) ~[spring-security-web-5.5.2.jar:5.5.2]
	at org.springframework.security.web.authentication.logout.LogoutFilter.doFilter(LogoutFilter.java:89) ~[spring-security-web-5.5.2.jar:5.5.2]
	at org.springframework.security.web.FilterChainProxy$VirtualFilterChain.doFilter(FilterChainProxy.java:336) ~[spring-security-web-5.5.2.jar:5.5.2]
	at org.springframework.web.filter.CorsFilter.doFilterInternal(CorsFilter.java:91) ~[spring-web-5.3.10.jar:5.3.10]
	at org.springframework.web.filter.OncePerRequestFilter.doFilter(OncePerRequestFilter.java:119) ~[spring-web-5.3.10.jar:5.3.10]
	at org.springframework.security.web.FilterChainProxy$VirtualFilterChain.doFilter(FilterChainProxy.java:336) ~[spring-security-web-5.5.2.jar:5.5.2]
	at org.springframework.security.web.header.HeaderWriterFilter.doHeadersAfter(HeaderWriterFilter.java:90) ~[spring-security-web-5.5.2.jar:5.5.2]
	at org.springframework.security.web.header.HeaderWriterFilter.doFilterInternal(HeaderWriterFilter.java:75) ~[spring-security-web-5.5.2.jar:5.5.2]
	at org.springframework.web.filter.OncePerRequestFilter.doFilter(OncePerRequestFilter.java:119) ~[spring-web-5.3.10.jar:5.3.10]
	at org.springframework.security.web.FilterChainProxy$VirtualFilterChain.doFilter(FilterChainProxy.java:336) ~[spring-security-web-5.5.2.jar:5.5.2]
	at org.springframework.security.web.context.SecurityContextPersistenceFilter.doFilter(SecurityContextPersistenceFilter.java:110) ~[spring-security-web-5.5.2.jar:5.5.2]
	at org.springframework.security.web.context.SecurityContextPersistenceFilter.doFilter(SecurityContextPersistenceFilter.java:80) ~[spring-security-web-5.5.2.jar:5.5.2]
	at org.springframework.security.web.FilterChainProxy$VirtualFilterChain.doFilter(FilterChainProxy.java:336) ~[spring-security-web-5.5.2.jar:5.5.2]
	at org.springframework.security.web.context.request.async.WebAsyncManagerIntegrationFilter.doFilterInternal(WebAsyncManagerIntegrationFilter.java:55) ~[spring-security-web-5.5.2.jar:5.5.2]
	at org.springframework.web.filter.OncePerRequestFilter.doFilter(OncePerRequestFilter.java:119) ~[spring-web-5.3.10.jar:5.3.10]
	at org.springframework.security.web.FilterChainProxy$VirtualFilterChain.doFilter(FilterChainProxy.java:336) ~[spring-security-web-5.5.2.jar:5.5.2]
	at org.springframework.security.web.FilterChainProxy.doFilterInternal(FilterChainProxy.java:211) ~[spring-security-web-5.5.2.jar:5.5.2]
	at org.springframework.security.web.FilterChainProxy.doFilter(FilterChainProxy.java:183) ~[spring-security-web-5.5.2.jar:5.5.2]
	at org.springframework.web.filter.DelegatingFilterProxy.invokeDelegate(DelegatingFilterProxy.java:358) ~[spring-web-5.3.10.jar:5.3.10]
	at org.springframework.web.filter.DelegatingFilterProxy.doFilter(DelegatingFilterProxy.java:271) ~[spring-web-5.3.10.jar:5.3.10]
	at org.apache.catalina.core.ApplicationFilterChain.internalDoFilter(ApplicationFilterChain.java:189) ~[tomcat-embed-core-9.0.53.jar:9.0.53]
	at org.apache.catalina.core.ApplicationFilterChain.doFilter(ApplicationFilterChain.java:162) ~[tomcat-embed-core-9.0.53.jar:9.0.53]
	at org.springframework.web.filter.RequestContextFilter.doFilterInternal(RequestContextFilter.java:100) ~[spring-web-5.3.10.jar:5.3.10]
	at org.springframework.web.filter.OncePerRequestFilter.doFilter(OncePerRequestFilter.java:119) ~[spring-web-5.3.10.jar:5.3.10]
	at org.apache.catalina.core.ApplicationFilterChain.internalDoFilter(ApplicationFilterChain.java:189) ~[tomcat-embed-core-9.0.53.jar:9.0.53]
	at org.apache.catalina.core.ApplicationFilterChain.doFilter(ApplicationFilterChain.java:162) ~[tomcat-embed-core-9.0.53.jar:9.0.53]
	at org.springframework.web.filter.FormContentFilter.doFilterInternal(FormContentFilter.java:93) ~[spring-web-5.3.10.jar:5.3.10]
	at org.springframework.web.filter.OncePerRequestFilter.doFilter(OncePerRequestFilter.java:119) ~[spring-web-5.3.10.jar:5.3.10]
	at org.apache.catalina.core.ApplicationFilterChain.internalDoFilter(ApplicationFilterChain.java:189) ~[tomcat-embed-core-9.0.53.jar:9.0.53]
	at org.apache.catalina.core.ApplicationFilterChain.doFilter(ApplicationFilterChain.java:162) ~[tomcat-embed-core-9.0.53.jar:9.0.53]
	at org.springframework.boot.actuate.metrics.web.servlet.WebMvcMetricsFilter.doFilterInternal(WebMvcMetricsFilter.java:96) ~[spring-boot-actuator-2.5.5.jar:2.5.5]
	at org.springframework.web.filter.OncePerRequestFilter.doFilter(OncePerRequestFilter.java:119) ~[spring-web-5.3.10.jar:5.3.10]
	at org.apache.catalina.core.ApplicationFilterChain.internalDoFilter(ApplicationFilterChain.java:189) ~[tomcat-embed-core-9.0.53.jar:9.0.53]
	at org.apache.catalina.core.ApplicationFilterChain.doFilter(ApplicationFilterChain.java:162) ~[tomcat-embed-core-9.0.53.jar:9.0.53]
	at org.springframework.web.filter.CharacterEncodingFilter.doFilterInternal(CharacterEncodingFilter.java:201) ~[spring-web-5.3.10.jar:5.3.10]
	at org.springframework.web.filter.OncePerRequestFilter.doFilter(OncePerRequestFilter.java:119) ~[spring-web-5.3.10.jar:5.3.10]
	at org.apache.catalina.core.ApplicationFilterChain.internalDoFilter(ApplicationFilterChain.java:189) ~[tomcat-embed-core-9.0.53.jar:9.0.53]
	at org.apache.catalina.core.ApplicationFilterChain.doFilter(ApplicationFilterChain.java:162) ~[tomcat-embed-core-9.0.53.jar:9.0.53]
	at org.apache.catalina.core.StandardWrapperValve.invoke(StandardWrapperValve.java:197) ~[tomcat-embed-core-9.0.53.jar:9.0.53]
	at org.apache.catalina.core.StandardContextValve.invoke(StandardContextValve.java:97) [tomcat-embed-core-9.0.53.jar:9.0.53]
	at org.apache.catalina.authenticator.AuthenticatorBase.invoke(AuthenticatorBase.java:540) [tomcat-embed-core-9.0.53.jar:9.0.53]
	at org.apache.catalina.core.StandardHostValve.invoke(StandardHostValve.java:135) [tomcat-embed-core-9.0.53.jar:9.0.53]
	at org.apache.catalina.valves.ErrorReportValve.invoke(ErrorReportValve.java:92) [tomcat-embed-core-9.0.53.jar:9.0.53]
	at org.apache.catalina.core.StandardEngineValve.invoke(StandardEngineValve.java:78) [tomcat-embed-core-9.0.53.jar:9.0.53]
	at org.apache.catalina.connector.CoyoteAdapter.service(CoyoteAdapter.java:357) [tomcat-embed-core-9.0.53.jar:9.0.53]
	at org.apache.coyote.http11.Http11Processor.service(Http11Processor.java:382) [tomcat-embed-core-9.0.53.jar:9.0.53]
	at org.apache.coyote.AbstractProcessorLight.process(AbstractProcessorLight.java:65) [tomcat-embed-core-9.0.53.jar:9.0.53]
	at org.apache.coyote.AbstractProtocol$ConnectionHandler.process(AbstractProtocol.java:893) [tomcat-embed-core-9.0.53.jar:9.0.53]
	at org.apache.tomcat.util.net.NioEndpoint$SocketProcessor.doRun(NioEndpoint.java:1726) [tomcat-embed-core-9.0.53.jar:9.0.53]
	at org.apache.tomcat.util.net.SocketProcessorBase.run(SocketProcessorBase.java:49) [tomcat-embed-core-9.0.53.jar:9.0.53]
	at org.apache.tomcat.util.threads.ThreadPoolExecutor.runWorker(ThreadPoolExecutor.java:1191) [tomcat-embed-core-9.0.53.jar:9.0.53]
	at org.apache.tomcat.util.threads.ThreadPoolExecutor$Worker.run(ThreadPoolExecutor.java:659) [tomcat-embed-core-9.0.53.jar:9.0.53]
	at org.apache.tomcat.util.threads.TaskThread$WrappingRunnable.run(TaskThread.java:61) [tomcat-embed-core-9.0.53.jar:9.0.53]
	at java.lang.Thread.run(Thread.java:750) [na:1.8.0_333]

2023-08-31 22:01:02.594  INFO 1340 --- [http-nio-8081-exec-7] c.v.e.g.interceptor.LoggingInterceptor   : Start Request URL: http://localhost:8081/ergui/v1/login
2023-08-31 22:01:02.667  INFO 1340 --- [http-nio-8081-exec-7] c.v.e.g.interceptor.LoggingInterceptor   : EsUserController : login() called : 
2023-08-31 22:01:03.134  INFO 1340 --- [http-nio-8081-exec-7] c.v.e.g.interceptor.LoggingInterceptor   : EsSessionService : createSessionByUserSeq() Method Called :  
2023-08-31 22:01:03.145  INFO 1340 --- [http-nio-8081-exec-7] c.v.e.g.interceptor.LoggingInterceptor   : EsSessionActionService : addLoginAction() Method .
2023-08-31 22:01:03.154  INFO 1340 --- [http-nio-8081-exec-7] c.v.e.g.interceptor.LoggingInterceptor   : EsSessionActionService : addLoginAction() Method .Successfully
2023-08-31 22:01:03.155  INFO 1340 --- [http-nio-8081-exec-7] c.v.e.g.interceptor.LoggingInterceptor   : EsSessionService : createSessionByUserSeq() Method Called : Successfully 
2023-08-31 22:01:03.172  INFO 1340 --- [http-nio-8081-exec-7] c.v.e.g.interceptor.LoggingInterceptor   : EsUserController : login() called : Successfully Login
2023-08-31 22:01:03.175  INFO 1340 --- [http-nio-8081-exec-7] c.v.e.g.interceptor.LoggingInterceptor   : Start Response URL: http://localhost:8081/ergui/v1/login, Status 200
2023-08-31 22:01:03.176  INFO 1340 --- [http-nio-8081-exec-7] c.v.e.g.interceptor.LoggingInterceptor   : End Response : org.springframework.security.web.header.HeaderWriterFilter$HeaderWriterResponse@7b679e5e
2023-08-31 22:01:03.285  INFO 1340 --- [http-nio-8081-exec-9] c.v.e.g.interceptor.LoggingInterceptor   : Start Request URL: http://localhost:8081/ergui/v1/function/all/1
2023-08-31 22:01:03.286  INFO 1340 --- [http-nio-8081-exec-9] c.v.e.g.interceptor.LoggingInterceptor   : EsFunctionController : allEsFunction() Method Called : 
2023-08-31 22:01:03.286  INFO 1340 --- [http-nio-8081-exec-9] c.v.e.g.interceptor.LoggingInterceptor   : EsSessionActionService : addFunctionActions() Method.
2023-08-31 22:01:03.296  INFO 1340 --- [http-nio-8081-exec-9] c.v.e.g.interceptor.LoggingInterceptor   : EsSessionActionService : addFunctionActions() Method. Successfully
2023-08-31 22:01:03.301  INFO 1340 --- [http-nio-8081-exec-9] c.v.e.g.interceptor.LoggingInterceptor   : EsFunctionController : allEsFunction() Method Called : Successfully
2023-08-31 22:01:03.307  INFO 1340 --- [http-nio-8081-exec-9] c.v.e.g.interceptor.LoggingInterceptor   : Start Response URL: http://localhost:8081/ergui/v1/function/all/1, Status 200
2023-08-31 22:01:03.308  INFO 1340 --- [http-nio-8081-exec-9] c.v.e.g.interceptor.LoggingInterceptor   : End Response : org.springframework.security.web.header.HeaderWriterFilter$HeaderWriterResponse@441e32e8
2023-08-31 22:01:47.659  INFO 1340 --- [SpringApplicationShutdownHook] j.LocalContainerEntityManagerFactoryBean : Closing JPA EntityManagerFactory for persistence unit 'default'
2023-08-31 22:01:47.661  INFO 1340 --- [SpringApplicationShutdownHook] com.zaxxer.hikari.HikariDataSource       : HikariPool-1 - Shutdown initiated...
2023-08-31 22:01:47.663  INFO 1340 --- [SpringApplicationShutdownHook] com.zaxxer.hikari.HikariDataSource       : HikariPool-1 - Shutdown completed.
2023-08-31 22:01:50.474  INFO 28864 --- [main] com.vodacom.er.gui.GuiApplication        : Starting GuiApplication using Java 1.8.0_333 on DESKTOP-P3TM2QE with PID 28864 (E:\Java Projects\gui_backe_test\gui_backend\target\classes started by LENOVO in E:\Java Projects\gui_backe_test\gui_backend)
2023-08-31 22:01:50.476  INFO 28864 --- [main] com.vodacom.er.gui.GuiApplication        : No active profile set, falling back to default profiles: default
2023-08-31 22:01:51.452  INFO 28864 --- [main] .s.d.r.c.RepositoryConfigurationDelegate : Multiple Spring Data modules found, entering strict repository configuration mode!
2023-08-31 22:01:51.454  INFO 28864 --- [main] .s.d.r.c.RepositoryConfigurationDelegate : Bootstrapping Spring Data JPA repositories in DEFAULT mode.
2023-08-31 22:01:51.551  INFO 28864 --- [main] .s.d.r.c.RepositoryConfigurationDelegate : Finished Spring Data repository scanning in 89 ms. Found 9 JPA repository interfaces.
2023-08-31 22:01:51.559  INFO 28864 --- [main] .s.d.r.c.RepositoryConfigurationDelegate : Multiple Spring Data modules found, entering strict repository configuration mode!
2023-08-31 22:01:51.559  INFO 28864 --- [main] .s.d.r.c.RepositoryConfigurationDelegate : Bootstrapping Spring Data LDAP repositories in DEFAULT mode.
2023-08-31 22:01:51.567  INFO 28864 --- [main] .RepositoryConfigurationExtensionSupport : Spring Data LDAP - Could not safely identify store assignment for repository candidate interface com.vodacom.er.gui.repository.EsFunctionsRepository. If you want this repository to be a LDAP repository, consider annotating your entities with one of these annotations: org.springframework.ldap.odm.annotations.Entry (preferred), or consider extending one of the following types with your repository: org.springframework.data.ldap.repository.LdapRepository.
2023-08-31 22:01:51.567  INFO 28864 --- [main] .RepositoryConfigurationExtensionSupport : Spring Data LDAP - Could not safely identify store assignment for repository candidate interface com.vodacom.er.gui.repository.EsGroupFunctionsRepository. If you want this repository to be a LDAP repository, consider annotating your entities with one of these annotations: org.springframework.ldap.odm.annotations.Entry (preferred), or consider extending one of the following types with your repository: org.springframework.data.ldap.repository.LdapRepository.
2023-08-31 22:01:51.568  INFO 28864 --- [main] .RepositoryConfigurationExtensionSupport : Spring Data LDAP - Could not safely identify store assignment for repository candidate interface com.vodacom.er.gui.repository.EsGroupRepository. If you want this repository to be a LDAP repository, consider annotating your entities with one of these annotations: org.springframework.ldap.odm.annotations.Entry (preferred), or consider extending one of the following types with your repository: org.springframework.data.ldap.repository.LdapRepository.
2023-08-31 22:01:51.568  INFO 28864 --- [main] .RepositoryConfigurationExtensionSupport : Spring Data LDAP - Could not safely identify store assignment for repository candidate interface com.vodacom.er.gui.repository.EsSessionActionsRepository. If you want this repository to be a LDAP repository, consider annotating your entities with one of these annotations: org.springframework.ldap.odm.annotations.Entry (preferred), or consider extending one of the following types with your repository: org.springframework.data.ldap.repository.LdapRepository.
2023-08-31 22:01:51.569  INFO 28864 --- [main] .RepositoryConfigurationExtensionSupport : Spring Data LDAP - Could not safely identify store assignment for repository candidate interface com.vodacom.er.gui.repository.EsSessionsRepository. If you want this repository to be a LDAP repository, consider annotating your entities with one of these annotations: org.springframework.ldap.odm.annotations.Entry (preferred), or consider extending one of the following types with your repository: org.springframework.data.ldap.repository.LdapRepository.
2023-08-31 22:01:51.569  INFO 28864 --- [main] .RepositoryConfigurationExtensionSupport : Spring Data LDAP - Could not safely identify store assignment for repository candidate interface com.vodacom.er.gui.repository.EsSubFunctionsRepository. If you want this repository to be a LDAP repository, consider annotating your entities with one of these annotations: org.springframework.ldap.odm.annotations.Entry (preferred), or consider extending one of the following types with your repository: org.springframework.data.ldap.repository.LdapRepository.
2023-08-31 22:01:51.569  INFO 28864 --- [main] .RepositoryConfigurationExtensionSupport : Spring Data LDAP - Could not safely identify store assignment for repository candidate interface com.vodacom.er.gui.repository.EsSubscriptionRepository. If you want this repository to be a LDAP repository, consider annotating your entities with one of these annotations: org.springframework.ldap.odm.annotations.Entry (preferred), or consider extending one of the following types with your repository: org.springframework.data.ldap.repository.LdapRepository.
2023-08-31 22:01:51.570  INFO 28864 --- [main] .RepositoryConfigurationExtensionSupport : Spring Data LDAP - Could not safely identify store assignment for repository candidate interface com.vodacom.er.gui.repository.EsUserGroupRepository. If you want this repository to be a LDAP repository, consider annotating your entities with one of these annotations: org.springframework.ldap.odm.annotations.Entry (preferred), or consider extending one of the following types with your repository: org.springframework.data.ldap.repository.LdapRepository.
2023-08-31 22:01:51.570  INFO 28864 --- [main] .RepositoryConfigurationExtensionSupport : Spring Data LDAP - Could not safely identify store assignment for repository candidate interface com.vodacom.er.gui.repository.EsUserRepository. If you want this repository to be a LDAP repository, consider annotating your entities with one of these annotations: org.springframework.ldap.odm.annotations.Entry (preferred), or consider extending one of the following types with your repository: org.springframework.data.ldap.repository.LdapRepository.
2023-08-31 22:01:51.570  INFO 28864 --- [main] .s.d.r.c.RepositoryConfigurationDelegate : Finished Spring Data repository scanning in 10 ms. Found 0 LDAP repository interfaces.
2023-08-31 22:01:52.619  INFO 28864 --- [main] o.s.b.w.embedded.tomcat.TomcatWebServer  : Tomcat initialized with port(s): 8081 (http)
2023-08-31 22:01:52.628  INFO 28864 --- [main] o.apache.catalina.core.StandardService   : Starting service [Tomcat]
2023-08-31 22:01:52.628  INFO 28864 --- [main] org.apache.catalina.core.StandardEngine  : Starting Servlet engine: [Apache Tomcat/9.0.53]
2023-08-31 22:01:52.755  INFO 28864 --- [main] o.a.c.c.C.[.[localhost].[/ergui/v1]      : Initializing Spring embedded WebApplicationContext
2023-08-31 22:01:52.756  INFO 28864 --- [main] w.s.c.ServletWebServerApplicationContext : Root WebApplicationContext: initialization completed in 2205 ms
2023-08-31 22:01:53.016  INFO 28864 --- [main] com.zaxxer.hikari.HikariDataSource       : HikariPool-1 - Starting...
2023-08-31 22:01:53.200  INFO 28864 --- [main] com.zaxxer.hikari.HikariDataSource       : HikariPool-1 - Start completed.
2023-08-31 22:01:53.209  INFO 28864 --- [main] o.s.b.a.h2.H2ConsoleAutoConfiguration    : H2 console available at '/h2-console'. Database available at 'jdbc:h2:mem:testdb'
2023-08-31 22:01:53.414  INFO 28864 --- [main] o.hibernate.jpa.internal.util.LogHelper  : HHH000204: Processing PersistenceUnitInfo [name: default]
2023-08-31 22:01:53.467  INFO 28864 --- [main] org.hibernate.Version                    : HHH000412: Hibernate ORM core version 5.4.32.Final
2023-08-31 22:01:53.600  INFO 28864 --- [main] o.hibernate.annotations.common.Version   : HCANN000001: Hibernate Commons Annotations {5.1.2.Final}
2023-08-31 22:01:53.735  INFO 28864 --- [main] org.hibernate.dialect.Dialect            : HHH000400: Using dialect: org.hibernate.dialect.H2Dialect
2023-08-31 22:01:54.560  INFO 28864 --- [main] o.h.e.t.j.p.i.JtaPlatformInitiator       : HHH000490: Using JtaPlatform implementation: [org.hibernate.engine.transaction.jta.platform.internal.NoJtaPlatform]
2023-08-31 22:01:54.570  INFO 28864 --- [main] j.LocalContainerEntityManagerFactoryBean : Initialized JPA EntityManagerFactory for persistence unit 'default'
2023-08-31 22:01:55.208  WARN 28864 --- [main] JpaBaseConfiguration$JpaWebConfiguration : spring.jpa.open-in-view is enabled by default. Therefore, database queries may be performed during view rendering. Explicitly configure spring.jpa.open-in-view to disable this warning
2023-08-31 22:01:55.978  INFO 28864 --- [main] o.s.s.web.DefaultSecurityFilterChain     : Will secure any request with [org.springframework.security.web.context.request.async.WebAsyncManagerIntegrationFilter@5f5923ef, org.springframework.security.web.context.SecurityContextPersistenceFilter@51c008fd, org.springframework.security.web.header.HeaderWriterFilter@28cf179c, org.springframework.web.filter.CorsFilter@7381d6f0, org.springframework.security.web.authentication.logout.LogoutFilter@77fceac6, com.vodacom.er.gui.filter.JwtFilter@77f03916, org.springframework.security.web.savedrequest.RequestCacheAwareFilter@22f80e36, org.springframework.security.web.servletapi.SecurityContextHolderAwareRequestFilter@72168258, org.springframework.security.web.authentication.AnonymousAuthenticationFilter@2f262474, org.springframework.security.web.session.SessionManagementFilter@1df9f7c6, org.springframework.security.web.access.ExceptionTranslationFilter@2dd2ff87, org.springframework.security.web.access.intercept.FilterSecurityInterceptor@11dbcb3b]
2023-08-31 22:01:56.299  INFO 28864 --- [main] o.s.l.c.support.AbstractContextSource    : Property 'userDn' not set - anonymous context will be used for read-write operations
2023-08-31 22:01:56.420  INFO 28864 --- [main] o.s.b.a.e.web.EndpointLinksResolver      : Exposing 1 endpoint(s) beneath base path '/actuator'
2023-08-31 22:01:56.465  INFO 28864 --- [main] o.s.b.w.embedded.tomcat.TomcatWebServer  : Tomcat started on port(s): 8081 (http) with context path '/ergui/v1'
2023-08-31 22:01:56.475  INFO 28864 --- [main] com.vodacom.er.gui.GuiApplication        : Started GuiApplication in 6.433 seconds (JVM running for 6.902)
2023-08-31 22:02:04.529  INFO 28864 --- [http-nio-8081-exec-1] o.a.c.c.C.[.[localhost].[/ergui/v1]      : Initializing Spring DispatcherServlet 'dispatcherServlet'
2023-08-31 22:02:04.530  INFO 28864 --- [http-nio-8081-exec-1] o.s.web.servlet.DispatcherServlet        : Initializing Servlet 'dispatcherServlet'
2023-08-31 22:02:04.534  INFO 28864 --- [http-nio-8081-exec-1] o.s.web.servlet.DispatcherServlet        : Completed initialization in 4 ms
2023-08-31 22:02:05.733  INFO 28864 --- [http-nio-8081-exec-2] c.v.e.g.interceptor.LoggingInterceptor   : Start Request URL: http://localhost:8081/ergui/v1/function/all/1
2023-08-31 22:02:05.807  INFO 28864 --- [http-nio-8081-exec-2] c.v.e.g.interceptor.LoggingInterceptor   : EsFunctionController : allEsFunction() Method Called : 
2023-08-31 22:02:05.808  INFO 28864 --- [http-nio-8081-exec-2] c.v.e.g.interceptor.LoggingInterceptor   : EsSessionActionService : addFunctionActions() Method.
2023-08-31 22:02:05.826  INFO 28864 --- [http-nio-8081-exec-2] c.v.e.g.interceptor.LoggingInterceptor   : EsSessionActionService : addFunctionActions() Method. Successfully
2023-08-31 22:02:05.906  INFO 28864 --- [http-nio-8081-exec-2] c.v.e.g.interceptor.LoggingInterceptor   : EsFunctionController : allEsFunction() Method Called : Successfully
2023-08-31 22:02:06.051  INFO 28864 --- [http-nio-8081-exec-2] c.v.e.g.interceptor.LoggingInterceptor   : Start Response URL: http://localhost:8081/ergui/v1/function/all/1, Status 200
2023-08-31 22:02:06.052  INFO 28864 --- [http-nio-8081-exec-2] c.v.e.g.interceptor.LoggingInterceptor   : End Response : org.springframework.security.web.header.HeaderWriterFilter$HeaderWriterResponse@4780c569
2023-08-31 22:02:10.848  INFO 28864 --- [http-nio-8081-exec-7] c.v.e.g.interceptor.LoggingInterceptor   : Start Request URL: http://localhost:8081/ergui/v1/group/all
2023-08-31 22:02:10.850  INFO 28864 --- [http-nio-8081-exec-3] c.v.e.g.interceptor.LoggingInterceptor   : Start Request URL: http://localhost:8081/ergui/v1/function/all
2023-08-31 22:02:10.851  INFO 28864 --- [http-nio-8081-exec-7] c.v.e.g.interceptor.LoggingInterceptor   : EsSessionActionService : addGroupActions() Method.
2023-08-31 22:02:10.851  INFO 28864 --- [http-nio-8081-exec-6] c.v.e.g.interceptor.LoggingInterceptor   : Start Request URL: http://localhost:8081/ergui/v1/group/listFunctions/all
2023-08-31 22:02:10.857  INFO 28864 --- [http-nio-8081-exec-3] c.v.e.g.interceptor.LoggingInterceptor   : EsFunctionController : allEsFunction() Method Called : 
2023-08-31 22:02:10.857  INFO 28864 --- [http-nio-8081-exec-6] c.v.e.g.interceptor.LoggingInterceptor   : EsGroupController : allGroupWithFunctions() Method Called : 
2023-08-31 22:02:10.857  INFO 28864 --- [http-nio-8081-exec-3] c.v.e.g.interceptor.LoggingInterceptor   : EsSessionActionService : addFunctionActions() Method.
2023-08-31 22:02:10.857  INFO 28864 --- [http-nio-8081-exec-6] c.v.e.g.interceptor.LoggingInterceptor   : EsSessionActionService : addGroupActions() Method.
2023-08-31 22:02:10.864  INFO 28864 --- [http-nio-8081-exec-7] c.v.e.g.interceptor.LoggingInterceptor   : EsSessionActionService : addGroupActions() Method. Successfully
2023-08-31 22:02:10.864  INFO 28864 --- [http-nio-8081-exec-7] c.v.e.g.interceptor.LoggingInterceptor   : EsGroupController : allGroup() Method Called : Successfully
2023-08-31 22:02:10.864  INFO 28864 --- [http-nio-8081-exec-7] c.v.e.g.interceptor.LoggingInterceptor   : EsGroupService : allGroup() Method Called : Successfully 
2023-08-31 22:02:10.868  INFO 28864 --- [http-nio-8081-exec-3] c.v.e.g.interceptor.LoggingInterceptor   : EsSessionActionService : addFunctionActions() Method. Successfully
2023-08-31 22:02:10.868  INFO 28864 --- [http-nio-8081-exec-3] c.v.e.g.interceptor.LoggingInterceptor   : EsFunctionController : allEsFunction() Method Called : Successfully 
2023-08-31 22:02:10.868  INFO 28864 --- [http-nio-8081-exec-3] c.v.e.g.interceptor.LoggingInterceptor   : EsFunctionsService : allFunctions() Method Called : Successfully 
2023-08-31 22:02:10.868  INFO 28864 --- [http-nio-8081-exec-6] c.v.e.g.interceptor.LoggingInterceptor   : EsSessionActionService : addGroupActions() Method. Successfully
2023-08-31 22:02:10.894  INFO 28864 --- [http-nio-8081-exec-6] c.v.e.g.interceptor.LoggingInterceptor   : EsGroupController : allGroupWithFunctions() Method Called : Successfully
2023-08-31 22:02:10.896  INFO 28864 --- [http-nio-8081-exec-3] c.v.e.g.interceptor.LoggingInterceptor   : Start Response URL: http://localhost:8081/ergui/v1/function/all, Status 200
2023-08-31 22:02:10.898  INFO 28864 --- [http-nio-8081-exec-3] c.v.e.g.interceptor.LoggingInterceptor   : End Response : org.springframework.security.web.header.HeaderWriterFilter$HeaderWriterResponse@31628a9f
2023-08-31 22:02:10.901  INFO 28864 --- [http-nio-8081-exec-7] c.v.e.g.interceptor.LoggingInterceptor   : Start Response URL: http://localhost:8081/ergui/v1/group/all, Status 200
2023-08-31 22:02:10.902  INFO 28864 --- [http-nio-8081-exec-7] c.v.e.g.interceptor.LoggingInterceptor   : End Response : org.springframework.security.web.header.HeaderWriterFilter$HeaderWriterResponse@206fc7ea
2023-08-31 22:02:10.915  INFO 28864 --- [http-nio-8081-exec-6] c.v.e.g.interceptor.LoggingInterceptor   : Start Response URL: http://localhost:8081/ergui/v1/group/listFunctions/all, Status 200
2023-08-31 22:02:10.916  INFO 28864 --- [http-nio-8081-exec-6] c.v.e.g.interceptor.LoggingInterceptor   : End Response : org.springframework.security.web.header.HeaderWriterFilter$HeaderWriterResponse@6f56e54c
2023-08-31 22:02:12.589  INFO 28864 --- [http-nio-8081-exec-9] c.v.e.g.interceptor.LoggingInterceptor   : Start Request URL: http://localhost:8081/ergui/v1/es/logout
2023-08-31 22:02:12.591  INFO 28864 --- [http-nio-8081-exec-9] c.v.e.g.interceptor.LoggingInterceptor   : EsUserController : logout() called :  
2023-08-31 22:02:12.591  INFO 28864 --- [http-nio-8081-exec-9] c.v.e.g.interceptor.LoggingInterceptor   : EsSessionService : logoutSessionByUser() Method Called :  
2023-08-31 22:02:12.600  INFO 28864 --- [http-nio-8081-exec-9] c.v.e.g.interceptor.LoggingInterceptor   : EsSessionService : logoutSessionByUser() Method Called : No User Found 
2023-08-31 22:02:12.601  INFO 28864 --- [http-nio-8081-exec-9] c.v.e.g.interceptor.LoggingInterceptor   : EsUserController : logout() called : Invalid Token 
2023-08-31 22:02:12.603  INFO 28864 --- [http-nio-8081-exec-9] c.v.e.g.interceptor.LoggingInterceptor   : Start Response URL: http://localhost:8081/ergui/v1/es/logout, Status 401
2023-08-31 22:02:12.604  INFO 28864 --- [http-nio-8081-exec-9] c.v.e.g.interceptor.LoggingInterceptor   : End Response : org.springframework.security.web.header.HeaderWriterFilter$HeaderWriterResponse@4843959f
2023-08-31 22:02:12.658 ERROR 28864 --- [http-nio-8081-exec-10] o.a.c.c.C.[.[.[.[dispatcherServlet]      : Servlet.service() for servlet [dispatcherServlet] in context with path [/ergui/v1] threw exception

io.jsonwebtoken.MalformedJwtException: JWT strings must contain exactly 2 period characters. Found: 0
	at io.jsonwebtoken.impl.DefaultJwtParser.parse(DefaultJwtParser.java:235) ~[jjwt-0.9.1.jar:0.9.1]
	at io.jsonwebtoken.impl.DefaultJwtParser.parse(DefaultJwtParser.java:481) ~[jjwt-0.9.1.jar:0.9.1]
	at io.jsonwebtoken.impl.DefaultJwtParser.parseClaimsJws(DefaultJwtParser.java:541) ~[jjwt-0.9.1.jar:0.9.1]
	at com.vodacom.er.gui.util.JwtUtilClass.extractAllClaims(JwtUtilClass.java:63) ~[classes/:na]
	at com.vodacom.er.gui.util.JwtUtilClass.extractClaim(JwtUtilClass.java:59) ~[classes/:na]
	at com.vodacom.er.gui.util.JwtUtilClass.extractUsername(JwtUtilClass.java:55) ~[classes/:na]
	at com.vodacom.er.gui.filter.JwtFilter.doFilterInternal(JwtFilter.java:38) ~[classes/:na]
	at org.springframework.web.filter.OncePerRequestFilter.doFilter(OncePerRequestFilter.java:119) ~[spring-web-5.3.10.jar:5.3.10]
	at org.springframework.security.web.FilterChainProxy$VirtualFilterChain.doFilter(FilterChainProxy.java:336) ~[spring-security-web-5.5.2.jar:5.5.2]
	at org.springframework.security.web.authentication.logout.LogoutFilter.doFilter(LogoutFilter.java:103) ~[spring-security-web-5.5.2.jar:5.5.2]
	at org.springframework.security.web.authentication.logout.LogoutFilter.doFilter(LogoutFilter.java:89) ~[spring-security-web-5.5.2.jar:5.5.2]
	at org.springframework.security.web.FilterChainProxy$VirtualFilterChain.doFilter(FilterChainProxy.java:336) ~[spring-security-web-5.5.2.jar:5.5.2]
	at org.springframework.web.filter.CorsFilter.doFilterInternal(CorsFilter.java:91) ~[spring-web-5.3.10.jar:5.3.10]
	at org.springframework.web.filter.OncePerRequestFilter.doFilter(OncePerRequestFilter.java:119) ~[spring-web-5.3.10.jar:5.3.10]
	at org.springframework.security.web.FilterChainProxy$VirtualFilterChain.doFilter(FilterChainProxy.java:336) ~[spring-security-web-5.5.2.jar:5.5.2]
	at org.springframework.security.web.header.HeaderWriterFilter.doHeadersAfter(HeaderWriterFilter.java:90) ~[spring-security-web-5.5.2.jar:5.5.2]
	at org.springframework.security.web.header.HeaderWriterFilter.doFilterInternal(HeaderWriterFilter.java:75) ~[spring-security-web-5.5.2.jar:5.5.2]
	at org.springframework.web.filter.OncePerRequestFilter.doFilter(OncePerRequestFilter.java:119) ~[spring-web-5.3.10.jar:5.3.10]
	at org.springframework.security.web.FilterChainProxy$VirtualFilterChain.doFilter(FilterChainProxy.java:336) ~[spring-security-web-5.5.2.jar:5.5.2]
	at org.springframework.security.web.context.SecurityContextPersistenceFilter.doFilter(SecurityContextPersistenceFilter.java:110) ~[spring-security-web-5.5.2.jar:5.5.2]
	at org.springframework.security.web.context.SecurityContextPersistenceFilter.doFilter(SecurityContextPersistenceFilter.java:80) ~[spring-security-web-5.5.2.jar:5.5.2]
	at org.springframework.security.web.FilterChainProxy$VirtualFilterChain.doFilter(FilterChainProxy.java:336) ~[spring-security-web-5.5.2.jar:5.5.2]
	at org.springframework.security.web.context.request.async.WebAsyncManagerIntegrationFilter.doFilterInternal(WebAsyncManagerIntegrationFilter.java:55) ~[spring-security-web-5.5.2.jar:5.5.2]
	at org.springframework.web.filter.OncePerRequestFilter.doFilter(OncePerRequestFilter.java:119) ~[spring-web-5.3.10.jar:5.3.10]
	at org.springframework.security.web.FilterChainProxy$VirtualFilterChain.doFilter(FilterChainProxy.java:336) ~[spring-security-web-5.5.2.jar:5.5.2]
	at org.springframework.security.web.FilterChainProxy.doFilterInternal(FilterChainProxy.java:211) ~[spring-security-web-5.5.2.jar:5.5.2]
	at org.springframework.security.web.FilterChainProxy.doFilter(FilterChainProxy.java:183) ~[spring-security-web-5.5.2.jar:5.5.2]
	at org.springframework.web.filter.DelegatingFilterProxy.invokeDelegate(DelegatingFilterProxy.java:358) ~[spring-web-5.3.10.jar:5.3.10]
	at org.springframework.web.filter.DelegatingFilterProxy.doFilter(DelegatingFilterProxy.java:271) ~[spring-web-5.3.10.jar:5.3.10]
	at org.apache.catalina.core.ApplicationFilterChain.internalDoFilter(ApplicationFilterChain.java:189) ~[tomcat-embed-core-9.0.53.jar:9.0.53]
	at org.apache.catalina.core.ApplicationFilterChain.doFilter(ApplicationFilterChain.java:162) ~[tomcat-embed-core-9.0.53.jar:9.0.53]
	at org.springframework.web.filter.RequestContextFilter.doFilterInternal(RequestContextFilter.java:100) ~[spring-web-5.3.10.jar:5.3.10]
	at org.springframework.web.filter.OncePerRequestFilter.doFilter(OncePerRequestFilter.java:119) ~[spring-web-5.3.10.jar:5.3.10]
	at org.apache.catalina.core.ApplicationFilterChain.internalDoFilter(ApplicationFilterChain.java:189) ~[tomcat-embed-core-9.0.53.jar:9.0.53]
	at org.apache.catalina.core.ApplicationFilterChain.doFilter(ApplicationFilterChain.java:162) ~[tomcat-embed-core-9.0.53.jar:9.0.53]
	at org.springframework.web.filter.FormContentFilter.doFilterInternal(FormContentFilter.java:93) ~[spring-web-5.3.10.jar:5.3.10]
	at org.springframework.web.filter.OncePerRequestFilter.doFilter(OncePerRequestFilter.java:119) ~[spring-web-5.3.10.jar:5.3.10]
	at org.apache.catalina.core.ApplicationFilterChain.internalDoFilter(ApplicationFilterChain.java:189) ~[tomcat-embed-core-9.0.53.jar:9.0.53]
	at org.apache.catalina.core.ApplicationFilterChain.doFilter(ApplicationFilterChain.java:162) ~[tomcat-embed-core-9.0.53.jar:9.0.53]
	at org.springframework.boot.actuate.metrics.web.servlet.WebMvcMetricsFilter.doFilterInternal(WebMvcMetricsFilter.java:96) ~[spring-boot-actuator-2.5.5.jar:2.5.5]
	at org.springframework.web.filter.OncePerRequestFilter.doFilter(OncePerRequestFilter.java:119) ~[spring-web-5.3.10.jar:5.3.10]
	at org.apache.catalina.core.ApplicationFilterChain.internalDoFilter(ApplicationFilterChain.java:189) ~[tomcat-embed-core-9.0.53.jar:9.0.53]
	at org.apache.catalina.core.ApplicationFilterChain.doFilter(ApplicationFilterChain.java:162) ~[tomcat-embed-core-9.0.53.jar:9.0.53]
	at org.springframework.web.filter.CharacterEncodingFilter.doFilterInternal(CharacterEncodingFilter.java:201) ~[spring-web-5.3.10.jar:5.3.10]
	at org.springframework.web.filter.OncePerRequestFilter.doFilter(OncePerRequestFilter.java:119) ~[spring-web-5.3.10.jar:5.3.10]
	at org.apache.catalina.core.ApplicationFilterChain.internalDoFilter(ApplicationFilterChain.java:189) ~[tomcat-embed-core-9.0.53.jar:9.0.53]
	at org.apache.catalina.core.ApplicationFilterChain.doFilter(ApplicationFilterChain.java:162) ~[tomcat-embed-core-9.0.53.jar:9.0.53]
	at org.apache.catalina.core.StandardWrapperValve.invoke(StandardWrapperValve.java:197) ~[tomcat-embed-core-9.0.53.jar:9.0.53]
	at org.apache.catalina.core.StandardContextValve.invoke(StandardContextValve.java:97) [tomcat-embed-core-9.0.53.jar:9.0.53]
	at org.apache.catalina.authenticator.AuthenticatorBase.invoke(AuthenticatorBase.java:540) [tomcat-embed-core-9.0.53.jar:9.0.53]
	at org.apache.catalina.core.StandardHostValve.invoke(StandardHostValve.java:135) [tomcat-embed-core-9.0.53.jar:9.0.53]
	at org.apache.catalina.valves.ErrorReportValve.invoke(ErrorReportValve.java:92) [tomcat-embed-core-9.0.53.jar:9.0.53]
	at org.apache.catalina.core.StandardEngineValve.invoke(StandardEngineValve.java:78) [tomcat-embed-core-9.0.53.jar:9.0.53]
	at org.apache.catalina.connector.CoyoteAdapter.service(CoyoteAdapter.java:357) [tomcat-embed-core-9.0.53.jar:9.0.53]
	at org.apache.coyote.http11.Http11Processor.service(Http11Processor.java:382) [tomcat-embed-core-9.0.53.jar:9.0.53]
	at org.apache.coyote.AbstractProcessorLight.process(AbstractProcessorLight.java:65) [tomcat-embed-core-9.0.53.jar:9.0.53]
	at org.apache.coyote.AbstractProtocol$ConnectionHandler.process(AbstractProtocol.java:893) [tomcat-embed-core-9.0.53.jar:9.0.53]
	at org.apache.tomcat.util.net.NioEndpoint$SocketProcessor.doRun(NioEndpoint.java:1726) [tomcat-embed-core-9.0.53.jar:9.0.53]
	at org.apache.tomcat.util.net.SocketProcessorBase.run(SocketProcessorBase.java:49) [tomcat-embed-core-9.0.53.jar:9.0.53]
	at org.apache.tomcat.util.threads.ThreadPoolExecutor.runWorker(ThreadPoolExecutor.java:1191) [tomcat-embed-core-9.0.53.jar:9.0.53]
	at org.apache.tomcat.util.threads.ThreadPoolExecutor$Worker.run(ThreadPoolExecutor.java:659) [tomcat-embed-core-9.0.53.jar:9.0.53]
	at org.apache.tomcat.util.threads.TaskThread$WrappingRunnable.run(TaskThread.java:61) [tomcat-embed-core-9.0.53.jar:9.0.53]
	at java.lang.Thread.run(Thread.java:750) [na:1.8.0_333]

2023-08-31 22:02:24.001  INFO 28864 --- [http-nio-8081-exec-2] c.v.e.g.interceptor.LoggingInterceptor   : Start Request URL: http://localhost:8081/ergui/v1/login
2023-08-31 22:02:24.075  INFO 28864 --- [http-nio-8081-exec-2] c.v.e.g.interceptor.LoggingInterceptor   : EsUserController : login() called : 
2023-08-31 22:02:24.540  INFO 28864 --- [http-nio-8081-exec-2] c.v.e.g.interceptor.LoggingInterceptor   : EsSessionService : createSessionByUserSeq() Method Called :  
2023-08-31 22:02:24.550  INFO 28864 --- [http-nio-8081-exec-2] c.v.e.g.interceptor.LoggingInterceptor   : EsSessionActionService : addLoginAction() Method .
2023-08-31 22:02:24.555  INFO 28864 --- [http-nio-8081-exec-2] c.v.e.g.interceptor.LoggingInterceptor   : EsSessionActionService : addLoginAction() Method .Successfully
2023-08-31 22:02:24.556  INFO 28864 --- [http-nio-8081-exec-2] c.v.e.g.interceptor.LoggingInterceptor   : EsSessionService : createSessionByUserSeq() Method Called : Successfully 
2023-08-31 22:02:24.573  INFO 28864 --- [http-nio-8081-exec-2] c.v.e.g.interceptor.LoggingInterceptor   : EsUserController : login() called : Successfully Login
2023-08-31 22:02:24.581  INFO 28864 --- [http-nio-8081-exec-2] c.v.e.g.interceptor.LoggingInterceptor   : Start Response URL: http://localhost:8081/ergui/v1/login, Status 200
2023-08-31 22:02:24.582  INFO 28864 --- [http-nio-8081-exec-2] c.v.e.g.interceptor.LoggingInterceptor   : End Response : org.springframework.security.web.header.HeaderWriterFilter$HeaderWriterResponse@796b1093
2023-08-31 22:02:24.664  INFO 28864 --- [http-nio-8081-exec-5] c.v.e.g.interceptor.LoggingInterceptor   : Start Request URL: http://localhost:8081/ergui/v1/function/all/1
2023-08-31 22:02:24.667  INFO 28864 --- [http-nio-8081-exec-5] c.v.e.g.interceptor.LoggingInterceptor   : EsFunctionController : allEsFunction() Method Called : 
2023-08-31 22:02:24.667  INFO 28864 --- [http-nio-8081-exec-5] c.v.e.g.interceptor.LoggingInterceptor   : EsSessionActionService : addFunctionActions() Method.
2023-08-31 22:02:24.679  INFO 28864 --- [http-nio-8081-exec-5] c.v.e.g.interceptor.LoggingInterceptor   : EsSessionActionService : addFunctionActions() Method. Successfully
2023-08-31 22:02:24.684  INFO 28864 --- [http-nio-8081-exec-5] c.v.e.g.interceptor.LoggingInterceptor   : EsFunctionController : allEsFunction() Method Called : Successfully
2023-08-31 22:02:24.692  INFO 28864 --- [http-nio-8081-exec-5] c.v.e.g.interceptor.LoggingInterceptor   : Start Response URL: http://localhost:8081/ergui/v1/function/all/1, Status 200
2023-08-31 22:02:24.693  INFO 28864 --- [http-nio-8081-exec-5] c.v.e.g.interceptor.LoggingInterceptor   : End Response : org.springframework.security.web.header.HeaderWriterFilter$HeaderWriterResponse@2ff91186
2023-08-31 22:02:27.674  INFO 28864 --- [http-nio-8081-exec-7] c.v.e.g.interceptor.LoggingInterceptor   : Start Request URL: http://localhost:8081/ergui/v1/es/logout
2023-08-31 22:02:27.675  INFO 28864 --- [http-nio-8081-exec-7] c.v.e.g.interceptor.LoggingInterceptor   : EsUserController : logout() called :  
2023-08-31 22:02:27.675  INFO 28864 --- [http-nio-8081-exec-7] c.v.e.g.interceptor.LoggingInterceptor   : EsSessionService : logoutSessionByUser() Method Called :  
2023-08-31 22:02:27.681  INFO 28864 --- [http-nio-8081-exec-7] c.v.e.g.interceptor.LoggingInterceptor   : EsSessionActionService : addLogoutAction() Method .
2023-08-31 22:02:27.693  INFO 28864 --- [http-nio-8081-exec-7] c.v.e.g.interceptor.LoggingInterceptor   : EsSessionActionService : addLogoutAction() Method .Successfully
2023-08-31 22:02:27.694  INFO 28864 --- [http-nio-8081-exec-7] c.v.e.g.interceptor.LoggingInterceptor   : EsSessionService : logoutSessionByUser() Method Called : Successfully 
2023-08-31 22:02:27.695  INFO 28864 --- [http-nio-8081-exec-7] c.v.e.g.interceptor.LoggingInterceptor   : EsUserController : logout() called : Successfully Logout 
2023-08-31 22:02:27.697  INFO 28864 --- [http-nio-8081-exec-7] c.v.e.g.interceptor.LoggingInterceptor   : Start Response URL: http://localhost:8081/ergui/v1/es/logout, Status 200
2023-08-31 22:02:27.698  INFO 28864 --- [http-nio-8081-exec-7] c.v.e.g.interceptor.LoggingInterceptor   : End Response : org.springframework.security.web.header.HeaderWriterFilter$HeaderWriterResponse@42dd79f8
2023-08-31 22:02:27.717 ERROR 28864 --- [http-nio-8081-exec-6] o.a.c.c.C.[.[.[.[dispatcherServlet]      : Servlet.service() for servlet [dispatcherServlet] in context with path [/ergui/v1] threw exception

io.jsonwebtoken.MalformedJwtException: JWT strings must contain exactly 2 period characters. Found: 0
	at io.jsonwebtoken.impl.DefaultJwtParser.parse(DefaultJwtParser.java:235) ~[jjwt-0.9.1.jar:0.9.1]
	at io.jsonwebtoken.impl.DefaultJwtParser.parse(DefaultJwtParser.java:481) ~[jjwt-0.9.1.jar:0.9.1]
	at io.jsonwebtoken.impl.DefaultJwtParser.parseClaimsJws(DefaultJwtParser.java:541) ~[jjwt-0.9.1.jar:0.9.1]
	at com.vodacom.er.gui.util.JwtUtilClass.extractAllClaims(JwtUtilClass.java:63) ~[classes/:na]
	at com.vodacom.er.gui.util.JwtUtilClass.extractClaim(JwtUtilClass.java:59) ~[classes/:na]
	at com.vodacom.er.gui.util.JwtUtilClass.extractUsername(JwtUtilClass.java:55) ~[classes/:na]
	at com.vodacom.er.gui.filter.JwtFilter.doFilterInternal(JwtFilter.java:38) ~[classes/:na]
	at org.springframework.web.filter.OncePerRequestFilter.doFilter(OncePerRequestFilter.java:119) ~[spring-web-5.3.10.jar:5.3.10]
	at org.springframework.security.web.FilterChainProxy$VirtualFilterChain.doFilter(FilterChainProxy.java:336) ~[spring-security-web-5.5.2.jar:5.5.2]
	at org.springframework.security.web.authentication.logout.LogoutFilter.doFilter(LogoutFilter.java:103) ~[spring-security-web-5.5.2.jar:5.5.2]
	at org.springframework.security.web.authentication.logout.LogoutFilter.doFilter(LogoutFilter.java:89) ~[spring-security-web-5.5.2.jar:5.5.2]
	at org.springframework.security.web.FilterChainProxy$VirtualFilterChain.doFilter(FilterChainProxy.java:336) ~[spring-security-web-5.5.2.jar:5.5.2]
	at org.springframework.web.filter.CorsFilter.doFilterInternal(CorsFilter.java:91) ~[spring-web-5.3.10.jar:5.3.10]
	at org.springframework.web.filter.OncePerRequestFilter.doFilter(OncePerRequestFilter.java:119) ~[spring-web-5.3.10.jar:5.3.10]
	at org.springframework.security.web.FilterChainProxy$VirtualFilterChain.doFilter(FilterChainProxy.java:336) ~[spring-security-web-5.5.2.jar:5.5.2]
	at org.springframework.security.web.header.HeaderWriterFilter.doHeadersAfter(HeaderWriterFilter.java:90) ~[spring-security-web-5.5.2.jar:5.5.2]
	at org.springframework.security.web.header.HeaderWriterFilter.doFilterInternal(HeaderWriterFilter.java:75) ~[spring-security-web-5.5.2.jar:5.5.2]
	at org.springframework.web.filter.OncePerRequestFilter.doFilter(OncePerRequestFilter.java:119) ~[spring-web-5.3.10.jar:5.3.10]
	at org.springframework.security.web.FilterChainProxy$VirtualFilterChain.doFilter(FilterChainProxy.java:336) ~[spring-security-web-5.5.2.jar:5.5.2]
	at org.springframework.security.web.context.SecurityContextPersistenceFilter.doFilter(SecurityContextPersistenceFilter.java:110) ~[spring-security-web-5.5.2.jar:5.5.2]
	at org.springframework.security.web.context.SecurityContextPersistenceFilter.doFilter(SecurityContextPersistenceFilter.java:80) ~[spring-security-web-5.5.2.jar:5.5.2]
	at org.springframework.security.web.FilterChainProxy$VirtualFilterChain.doFilter(FilterChainProxy.java:336) ~[spring-security-web-5.5.2.jar:5.5.2]
	at org.springframework.security.web.context.request.async.WebAsyncManagerIntegrationFilter.doFilterInternal(WebAsyncManagerIntegrationFilter.java:55) ~[spring-security-web-5.5.2.jar:5.5.2]
	at org.springframework.web.filter.OncePerRequestFilter.doFilter(OncePerRequestFilter.java:119) ~[spring-web-5.3.10.jar:5.3.10]
	at org.springframework.security.web.FilterChainProxy$VirtualFilterChain.doFilter(FilterChainProxy.java:336) ~[spring-security-web-5.5.2.jar:5.5.2]
	at org.springframework.security.web.FilterChainProxy.doFilterInternal(FilterChainProxy.java:211) ~[spring-security-web-5.5.2.jar:5.5.2]
	at org.springframework.security.web.FilterChainProxy.doFilter(FilterChainProxy.java:183) ~[spring-security-web-5.5.2.jar:5.5.2]
	at org.springframework.web.filter.DelegatingFilterProxy.invokeDelegate(DelegatingFilterProxy.java:358) ~[spring-web-5.3.10.jar:5.3.10]
	at org.springframework.web.filter.DelegatingFilterProxy.doFilter(DelegatingFilterProxy.java:271) ~[spring-web-5.3.10.jar:5.3.10]
	at org.apache.catalina.core.ApplicationFilterChain.internalDoFilter(ApplicationFilterChain.java:189) ~[tomcat-embed-core-9.0.53.jar:9.0.53]
	at org.apache.catalina.core.ApplicationFilterChain.doFilter(ApplicationFilterChain.java:162) ~[tomcat-embed-core-9.0.53.jar:9.0.53]
	at org.springframework.web.filter.RequestContextFilter.doFilterInternal(RequestContextFilter.java:100) ~[spring-web-5.3.10.jar:5.3.10]
	at org.springframework.web.filter.OncePerRequestFilter.doFilter(OncePerRequestFilter.java:119) ~[spring-web-5.3.10.jar:5.3.10]
	at org.apache.catalina.core.ApplicationFilterChain.internalDoFilter(ApplicationFilterChain.java:189) ~[tomcat-embed-core-9.0.53.jar:9.0.53]
	at org.apache.catalina.core.ApplicationFilterChain.doFilter(ApplicationFilterChain.java:162) ~[tomcat-embed-core-9.0.53.jar:9.0.53]
	at org.springframework.web.filter.FormContentFilter.doFilterInternal(FormContentFilter.java:93) ~[spring-web-5.3.10.jar:5.3.10]
	at org.springframework.web.filter.OncePerRequestFilter.doFilter(OncePerRequestFilter.java:119) ~[spring-web-5.3.10.jar:5.3.10]
	at org.apache.catalina.core.ApplicationFilterChain.internalDoFilter(ApplicationFilterChain.java:189) ~[tomcat-embed-core-9.0.53.jar:9.0.53]
	at org.apache.catalina.core.ApplicationFilterChain.doFilter(ApplicationFilterChain.java:162) ~[tomcat-embed-core-9.0.53.jar:9.0.53]
	at org.springframework.boot.actuate.metrics.web.servlet.WebMvcMetricsFilter.doFilterInternal(WebMvcMetricsFilter.java:96) ~[spring-boot-actuator-2.5.5.jar:2.5.5]
	at org.springframework.web.filter.OncePerRequestFilter.doFilter(OncePerRequestFilter.java:119) ~[spring-web-5.3.10.jar:5.3.10]
	at org.apache.catalina.core.ApplicationFilterChain.internalDoFilter(ApplicationFilterChain.java:189) ~[tomcat-embed-core-9.0.53.jar:9.0.53]
	at org.apache.catalina.core.ApplicationFilterChain.doFilter(ApplicationFilterChain.java:162) ~[tomcat-embed-core-9.0.53.jar:9.0.53]
	at org.springframework.web.filter.CharacterEncodingFilter.doFilterInternal(CharacterEncodingFilter.java:201) ~[spring-web-5.3.10.jar:5.3.10]
	at org.springframework.web.filter.OncePerRequestFilter.doFilter(OncePerRequestFilter.java:119) ~[spring-web-5.3.10.jar:5.3.10]
	at org.apache.catalina.core.ApplicationFilterChain.internalDoFilter(ApplicationFilterChain.java:189) ~[tomcat-embed-core-9.0.53.jar:9.0.53]
	at org.apache.catalina.core.ApplicationFilterChain.doFilter(ApplicationFilterChain.java:162) ~[tomcat-embed-core-9.0.53.jar:9.0.53]
	at org.apache.catalina.core.StandardWrapperValve.invoke(StandardWrapperValve.java:197) ~[tomcat-embed-core-9.0.53.jar:9.0.53]
	at org.apache.catalina.core.StandardContextValve.invoke(StandardContextValve.java:97) [tomcat-embed-core-9.0.53.jar:9.0.53]
	at org.apache.catalina.authenticator.AuthenticatorBase.invoke(AuthenticatorBase.java:540) [tomcat-embed-core-9.0.53.jar:9.0.53]
	at org.apache.catalina.core.StandardHostValve.invoke(StandardHostValve.java:135) [tomcat-embed-core-9.0.53.jar:9.0.53]
	at org.apache.catalina.valves.ErrorReportValve.invoke(ErrorReportValve.java:92) [tomcat-embed-core-9.0.53.jar:9.0.53]
	at org.apache.catalina.core.StandardEngineValve.invoke(StandardEngineValve.java:78) [tomcat-embed-core-9.0.53.jar:9.0.53]
	at org.apache.catalina.connector.CoyoteAdapter.service(CoyoteAdapter.java:357) [tomcat-embed-core-9.0.53.jar:9.0.53]
	at org.apache.coyote.http11.Http11Processor.service(Http11Processor.java:382) [tomcat-embed-core-9.0.53.jar:9.0.53]
	at org.apache.coyote.AbstractProcessorLight.process(AbstractProcessorLight.java:65) [tomcat-embed-core-9.0.53.jar:9.0.53]
	at org.apache.coyote.AbstractProtocol$ConnectionHandler.process(AbstractProtocol.java:893) [tomcat-embed-core-9.0.53.jar:9.0.53]
	at org.apache.tomcat.util.net.NioEndpoint$SocketProcessor.doRun(NioEndpoint.java:1726) [tomcat-embed-core-9.0.53.jar:9.0.53]
	at org.apache.tomcat.util.net.SocketProcessorBase.run(SocketProcessorBase.java:49) [tomcat-embed-core-9.0.53.jar:9.0.53]
	at org.apache.tomcat.util.threads.ThreadPoolExecutor.runWorker(ThreadPoolExecutor.java:1191) [tomcat-embed-core-9.0.53.jar:9.0.53]
	at org.apache.tomcat.util.threads.ThreadPoolExecutor$Worker.run(ThreadPoolExecutor.java:659) [tomcat-embed-core-9.0.53.jar:9.0.53]
	at org.apache.tomcat.util.threads.TaskThread$WrappingRunnable.run(TaskThread.java:61) [tomcat-embed-core-9.0.53.jar:9.0.53]
	at java.lang.Thread.run(Thread.java:750) [na:1.8.0_333]

2023-08-31 22:02:34.864  INFO 28864 --- [SpringApplicationShutdownHook] j.LocalContainerEntityManagerFactoryBean : Closing JPA EntityManagerFactory for persistence unit 'default'
2023-08-31 22:02:34.866  INFO 28864 --- [SpringApplicationShutdownHook] com.zaxxer.hikari.HikariDataSource       : HikariPool-1 - Shutdown initiated...
2023-08-31 22:02:34.868  INFO 28864 --- [SpringApplicationShutdownHook] com.zaxxer.hikari.HikariDataSource       : HikariPool-1 - Shutdown completed.
